2024-04-21 19:47:10 - Node created with URL: //localhost:1099/node_2
2024-04-21 19:47:29 - Returning successor //localhost:1099/node_0
2024-04-21 19:47:29 - Initialized finger table
2024-04-21 19:47:29 - Returning successor //localhost:1099/node_0
2024-04-21 19:47:29 - Returning successor //localhost:1099/node_0
2024-04-21 19:47:29 - Returning successor //localhost:1099/node_0
2024-04-21 19:47:29 - Returning successor //localhost:1099/node_0
2024-04-21 19:47:29 - Found closest preceding finger //localhost:1099/node_0 for key 1030602832
2024-04-21 19:47:29 - Found predecessor //localhost:1099/node_1 for key 1030602832
2024-04-21 19:47:29 - Returning successor //localhost:1099/node_0
2024-04-21 19:47:29 - Returning successor //localhost:1099/node_0
2024-04-21 19:47:29 - Found closest preceding finger //localhost:1099/node_0 for key 1030602830
2024-04-21 19:47:29 - Found predecessor //localhost:1099/node_1 for key 1030602830
2024-04-21 19:47:29 - Returning successor //localhost:1099/node_0
2024-04-21 19:47:29 - Returning successor //localhost:1099/node_0
2024-04-21 19:47:29 - Found closest preceding finger //localhost:1099/node_0 for key 1030602826
2024-04-21 19:47:29 - Found predecessor //localhost:1099/node_1 for key 1030602826
2024-04-21 19:47:29 - Returning successor //localhost:1099/node_0
2024-04-21 19:47:29 - Returning successor //localhost:1099/node_0
2024-04-21 19:47:29 - Found closest preceding finger //localhost:1099/node_0 for key 1030602818
2024-04-21 19:47:29 - Found predecessor //localhost:1099/node_1 for key 1030602818
2024-04-21 19:47:29 - Returning successor //localhost:1099/node_0
2024-04-21 19:47:29 - Returning successor //localhost:1099/node_0
2024-04-21 19:47:29 - Found closest preceding finger //localhost:1099/node_0 for key 1030602802
2024-04-21 19:47:29 - Found predecessor //localhost:1099/node_1 for key 1030602802
2024-04-21 19:47:29 - Returning successor //localhost:1099/node_0
2024-04-21 19:47:29 - Returning successor //localhost:1099/node_0
2024-04-21 19:47:29 - Found closest preceding finger //localhost:1099/node_0 for key 1030602770
2024-04-21 19:47:29 - Found predecessor //localhost:1099/node_1 for key 1030602770
2024-04-21 19:47:29 - Returning successor //localhost:1099/node_0
2024-04-21 19:47:29 - Returning successor //localhost:1099/node_0
2024-04-21 19:47:29 - Found closest preceding finger //localhost:1099/node_0 for key 1030602706
2024-04-21 19:47:29 - Found predecessor //localhost:1099/node_1 for key 1030602706
2024-04-21 19:47:29 - Returning successor //localhost:1099/node_0
2024-04-21 19:47:29 - Returning successor //localhost:1099/node_0
2024-04-21 19:47:29 - Found closest preceding finger //localhost:1099/node_0 for key 1030602578
2024-04-21 19:47:29 - Found predecessor //localhost:1099/node_1 for key 1030602578
2024-04-21 19:47:29 - Returning successor //localhost:1099/node_0
2024-04-21 19:47:29 - Returning successor //localhost:1099/node_0
2024-04-21 19:47:29 - Found closest preceding finger //localhost:1099/node_0 for key 1030602322
2024-04-21 19:47:29 - Found predecessor //localhost:1099/node_1 for key 1030602322
2024-04-21 19:47:29 - Returning successor //localhost:1099/node_0
2024-04-21 19:47:29 - Returning successor //localhost:1099/node_0
2024-04-21 19:47:29 - Found closest preceding finger //localhost:1099/node_0 for key 1030601810
2024-04-21 19:47:29 - Found predecessor //localhost:1099/node_1 for key 1030601810
2024-04-21 19:47:29 - Returning successor //localhost:1099/node_0
2024-04-21 19:47:29 - Returning successor //localhost:1099/node_0
2024-04-21 19:47:29 - Found closest preceding finger //localhost:1099/node_0 for key 1030600786
2024-04-21 19:47:29 - Found predecessor //localhost:1099/node_1 for key 1030600786
2024-04-21 19:47:29 - Returning successor //localhost:1099/node_0
2024-04-21 19:47:29 - Returning successor //localhost:1099/node_0
2024-04-21 19:47:29 - Found closest preceding finger //localhost:1099/node_0 for key 1030598738
2024-04-21 19:47:29 - Found predecessor //localhost:1099/node_1 for key 1030598738
2024-04-21 19:47:29 - Returning successor //localhost:1099/node_0
2024-04-21 19:47:29 - Returning successor //localhost:1099/node_0
2024-04-21 19:47:29 - Found closest preceding finger //localhost:1099/node_0 for key 1030594642
2024-04-21 19:47:29 - Found predecessor //localhost:1099/node_1 for key 1030594642
2024-04-21 19:47:29 - Returning successor //localhost:1099/node_0
2024-04-21 19:47:29 - Returning successor //localhost:1099/node_0
2024-04-21 19:47:29 - Found closest preceding finger //localhost:1099/node_0 for key 1030586450
2024-04-21 19:47:29 - Found predecessor //localhost:1099/node_1 for key 1030586450
2024-04-21 19:47:29 - Returning successor //localhost:1099/node_0
2024-04-21 19:47:29 - Returning successor //localhost:1099/node_0
2024-04-21 19:47:29 - Found closest preceding finger //localhost:1099/node_0 for key 1030570066
2024-04-21 19:47:29 - Found predecessor //localhost:1099/node_1 for key 1030570066
2024-04-21 19:47:29 - Returning successor //localhost:1099/node_0
2024-04-21 19:47:29 - Returning successor //localhost:1099/node_0
2024-04-21 19:47:29 - Found closest preceding finger //localhost:1099/node_0 for key 1030537298
2024-04-21 19:47:29 - Found predecessor //localhost:1099/node_1 for key 1030537298
2024-04-21 19:47:29 - Returning successor //localhost:1099/node_0
2024-04-21 19:47:29 - Returning successor //localhost:1099/node_0
2024-04-21 19:47:29 - Found closest preceding finger //localhost:1099/node_0 for key 1030471762
2024-04-21 19:47:29 - Found predecessor //localhost:1099/node_1 for key 1030471762
2024-04-21 19:47:29 - Returning successor //localhost:1099/node_0
2024-04-21 19:47:29 - Returning successor //localhost:1099/node_0
2024-04-21 19:47:29 - Found closest preceding finger //localhost:1099/node_0 for key 1030340690
2024-04-21 19:47:29 - Found predecessor //localhost:1099/node_1 for key 1030340690
2024-04-21 19:47:29 - Returning successor //localhost:1099/node_0
2024-04-21 19:47:29 - Returning successor //localhost:1099/node_0
2024-04-21 19:47:29 - Found closest preceding finger //localhost:1099/node_0 for key 1030078546
2024-04-21 19:47:29 - Found predecessor //localhost:1099/node_1 for key 1030078546
2024-04-21 19:47:29 - Returning successor //localhost:1099/node_0
2024-04-21 19:47:29 - Returning successor //localhost:1099/node_0
2024-04-21 19:47:29 - Found closest preceding finger //localhost:1099/node_0 for key 1029554258
2024-04-21 19:47:29 - Found predecessor //localhost:1099/node_1 for key 1029554258
2024-04-21 19:47:29 - Returning successor //localhost:1099/node_0
2024-04-21 19:47:29 - Returning successor //localhost:1099/node_0
2024-04-21 19:47:29 - Found closest preceding finger //localhost:1099/node_0 for key 1028505682
2024-04-21 19:47:29 - Found predecessor //localhost:1099/node_1 for key 1028505682
2024-04-21 19:47:29 - Returning successor //localhost:1099/node_0
2024-04-21 19:47:29 - Returning successor //localhost:1099/node_0
2024-04-21 19:47:29 - Found closest preceding finger //localhost:1099/node_0 for key 1026408530
2024-04-21 19:47:29 - Found predecessor //localhost:1099/node_1 for key 1026408530
2024-04-21 19:47:29 - Returning successor //localhost:1099/node_0
2024-04-21 19:47:29 - Returning successor //localhost:1099/node_0
2024-04-21 19:47:29 - Found closest preceding finger //localhost:1099/node_0 for key 1022214226
2024-04-21 19:47:29 - Found predecessor //localhost:1099/node_1 for key 1022214226
2024-04-21 19:47:29 - Returning successor //localhost:1099/node_0
2024-04-21 19:47:29 - Returning successor //localhost:1099/node_0
2024-04-21 19:47:29 - Found closest preceding finger //localhost:1099/node_0 for key 1013825618
2024-04-21 19:47:29 - Found predecessor //localhost:1099/node_1 for key 1013825618
2024-04-21 19:47:29 - Returning successor //localhost:1099/node_0
2024-04-21 19:47:29 - Returning successor //localhost:1099/node_0
2024-04-21 19:47:29 - Found closest preceding finger //localhost:1099/node_0 for key 997048402
2024-04-21 19:47:29 - Found predecessor //localhost:1099/node_0 for key 997048402
2024-04-21 19:47:29 - Updated finger table entry 25 with //localhost:1099/node_0
2024-04-21 19:47:29 - Returning successor //localhost:1099/node_0
2024-04-21 19:47:29 - Found predecessor //localhost:1099/node_2 for key 963493970
2024-04-21 19:47:29 - Updated finger table entry 26 with //localhost:1099/node_2
2024-04-21 19:47:29 - Returning successor //localhost:1099/node_0
2024-04-21 19:47:29 - Found predecessor //localhost:1099/node_2 for key 896385106
2024-04-21 19:47:29 - Updated finger table entry 27 with //localhost:1099/node_2
2024-04-21 19:47:29 - Returning successor //localhost:1099/node_0
2024-04-21 19:47:29 - Found predecessor //localhost:1099/node_2 for key 762167378
2024-04-21 19:47:29 - Updated finger table entry 28 with //localhost:1099/node_2
2024-04-21 19:47:29 - Returning successor //localhost:1099/node_0
2024-04-21 19:47:29 - Found predecessor //localhost:1099/node_2 for key 493731922
2024-04-21 19:47:29 - Updated finger table entry 29 with //localhost:1099/node_2
2024-04-21 19:47:29 - Returning successor //localhost:1099/node_0
2024-04-21 19:47:29 - Found predecessor //localhost:1099/node_2 for key 2104344658
2024-04-21 19:47:29 - Updated finger table entry 30 with //localhost:1099/node_2
2024-04-21 19:47:29 - Updated finger tables of other nodes
2024-04-21 19:47:29 - Joined the Chord Ring
2024-04-21 19:47:29 - Returning successor //localhost:1099/node_0
2024-04-21 19:47:29 - Returning successor //localhost:1099/node_0
2024-04-21 19:47:29 - Updated finger table entry 0 with //localhost:1099/node_3
2024-04-21 19:47:29 - Returning successor //localhost:1099/node_3
2024-04-21 19:47:29 - Updated finger table entry 1 with //localhost:1099/node_3
2024-04-21 19:47:29 - Returning successor //localhost:1099/node_3
2024-04-21 19:47:29 - Updated finger table entry 2 with //localhost:1099/node_3
2024-04-21 19:47:29 - Returning successor //localhost:1099/node_3
2024-04-21 19:47:29 - Updated finger table entry 3 with //localhost:1099/node_3
2024-04-21 19:47:29 - Returning successor //localhost:1099/node_3
2024-04-21 19:47:29 - Updated finger table entry 4 with //localhost:1099/node_3
2024-04-21 19:47:29 - Returning successor //localhost:1099/node_3
2024-04-21 19:47:29 - Updated finger table entry 5 with //localhost:1099/node_3
2024-04-21 19:47:29 - Returning successor //localhost:1099/node_3
2024-04-21 19:47:29 - Updated finger table entry 6 with //localhost:1099/node_3
2024-04-21 19:47:29 - Returning successor //localhost:1099/node_3
2024-04-21 19:47:29 - Updated finger table entry 7 with //localhost:1099/node_3
2024-04-21 19:47:29 - Returning successor //localhost:1099/node_3
2024-04-21 19:47:29 - Updated finger table entry 8 with //localhost:1099/node_3
2024-04-21 19:47:29 - Returning successor //localhost:1099/node_3
2024-04-21 19:47:29 - Updated finger table entry 9 with //localhost:1099/node_3
2024-04-21 19:47:29 - Returning successor //localhost:1099/node_3
2024-04-21 19:47:29 - Updated finger table entry 10 with //localhost:1099/node_3
2024-04-21 19:47:29 - Returning successor //localhost:1099/node_3
2024-04-21 19:47:29 - Updated finger table entry 11 with //localhost:1099/node_3
2024-04-21 19:47:29 - Returning successor //localhost:1099/node_3
2024-04-21 19:47:29 - Updated finger table entry 12 with //localhost:1099/node_3
2024-04-21 19:47:29 - Returning successor //localhost:1099/node_3
2024-04-21 19:47:29 - Updated finger table entry 13 with //localhost:1099/node_3
2024-04-21 19:47:29 - Returning successor //localhost:1099/node_3
2024-04-21 19:47:29 - Updated finger table entry 14 with //localhost:1099/node_3
2024-04-21 19:47:29 - Returning successor //localhost:1099/node_3
2024-04-21 19:47:29 - Updated finger table entry 15 with //localhost:1099/node_3
2024-04-21 19:47:29 - Returning successor //localhost:1099/node_3
2024-04-21 19:47:29 - Updated finger table entry 16 with //localhost:1099/node_3
2024-04-21 19:47:29 - Returning successor //localhost:1099/node_3
2024-04-21 19:47:29 - Updated finger table entry 17 with //localhost:1099/node_3
2024-04-21 19:47:29 - Returning successor //localhost:1099/node_3
2024-04-21 19:47:29 - Updated finger table entry 18 with //localhost:1099/node_3
2024-04-21 19:47:29 - Returning successor //localhost:1099/node_3
2024-04-21 19:47:29 - Updated finger table entry 19 with //localhost:1099/node_3
2024-04-21 19:47:29 - Returning successor //localhost:1099/node_3
2024-04-21 19:47:29 - Updated finger table entry 20 with //localhost:1099/node_3
2024-04-21 19:47:29 - Returning successor //localhost:1099/node_3
2024-04-21 19:47:29 - Updated finger table entry 21 with //localhost:1099/node_3
2024-04-21 19:47:29 - Returning successor //localhost:1099/node_3
2024-04-21 19:47:29 - Updated finger table entry 22 with //localhost:1099/node_3
2024-04-21 19:47:29 - Returning successor //localhost:1099/node_3
2024-04-21 19:47:29 - Updated finger table entry 23 with //localhost:1099/node_3
2024-04-21 19:47:29 - Returning successor //localhost:1099/node_3
2024-04-21 19:47:29 - Updated finger table entry 24 with //localhost:1099/node_3
2024-04-21 19:47:29 - Returning successor //localhost:1099/node_3
2024-04-21 19:47:29 - Returning successor //localhost:1099/node_3
2024-04-21 19:47:29 - Found closest preceding finger //localhost:1099/node_3 for key 1064158072
2024-04-21 19:47:29 - Updated finger table entry 0 with //localhost:1099/node_3
2024-04-21 19:47:29 - Returning successor //localhost:1099/node_3
2024-04-21 19:47:29 - Returning successor //localhost:1099/node_3
2024-04-21 19:47:29 - Found closest preceding finger //localhost:1099/node_3 for key 1064158070
2024-04-21 19:47:29 - Updated finger table entry 1 with //localhost:1099/node_3
2024-04-21 19:47:29 - Returning successor //localhost:1099/node_3
2024-04-21 19:47:29 - Returning successor //localhost:1099/node_3
2024-04-21 19:47:29 - Found closest preceding finger //localhost:1099/node_3 for key 1064158068
2024-04-21 19:47:29 - Updated finger table entry 2 with //localhost:1099/node_3
2024-04-21 19:47:29 - Returning successor //localhost:1099/node_3
2024-04-21 19:47:29 - Returning successor //localhost:1099/node_3
2024-04-21 19:47:29 - Found closest preceding finger //localhost:1099/node_3 for key 1064158064
2024-04-21 19:47:29 - Updated finger table entry 3 with //localhost:1099/node_3
2024-04-21 19:47:29 - Returning successor //localhost:1099/node_3
2024-04-21 19:47:29 - Returning successor //localhost:1099/node_3
2024-04-21 19:47:29 - Found closest preceding finger //localhost:1099/node_3 for key 1064158056
2024-04-21 19:47:29 - Updated finger table entry 4 with //localhost:1099/node_3
2024-04-21 19:47:29 - Returning successor //localhost:1099/node_3
2024-04-21 19:47:29 - Returning successor //localhost:1099/node_3
2024-04-21 19:47:29 - Found closest preceding finger //localhost:1099/node_3 for key 1064158040
2024-04-21 19:47:29 - Updated finger table entry 5 with //localhost:1099/node_3
2024-04-21 19:47:29 - Returning successor //localhost:1099/node_3
2024-04-21 19:47:29 - Returning successor //localhost:1099/node_3
2024-04-21 19:47:29 - Found closest preceding finger //localhost:1099/node_3 for key 1064158008
2024-04-21 19:47:29 - Updated finger table entry 6 with //localhost:1099/node_3
2024-04-21 19:47:29 - Returning successor //localhost:1099/node_3
2024-04-21 19:47:29 - Returning successor //localhost:1099/node_3
2024-04-21 19:47:29 - Found closest preceding finger //localhost:1099/node_3 for key 1064157944
2024-04-21 19:47:29 - Updated finger table entry 7 with //localhost:1099/node_3
2024-04-21 19:47:29 - Returning successor //localhost:1099/node_3
2024-04-21 19:47:29 - Returning successor //localhost:1099/node_3
2024-04-21 19:47:29 - Found closest preceding finger //localhost:1099/node_3 for key 1064157816
2024-04-21 19:47:29 - Updated finger table entry 8 with //localhost:1099/node_3
2024-04-21 19:47:29 - Returning successor //localhost:1099/node_3
2024-04-21 19:47:29 - Returning successor //localhost:1099/node_3
2024-04-21 19:47:29 - Found closest preceding finger //localhost:1099/node_3 for key 1064157560
2024-04-21 19:47:29 - Updated finger table entry 9 with //localhost:1099/node_3
2024-04-21 19:47:29 - Returning successor //localhost:1099/node_3
2024-04-21 19:47:29 - Returning successor //localhost:1099/node_3
2024-04-21 19:47:29 - Found closest preceding finger //localhost:1099/node_3 for key 1064157048
2024-04-21 19:47:29 - Updated finger table entry 10 with //localhost:1099/node_3
2024-04-21 19:47:29 - Returning successor //localhost:1099/node_3
2024-04-21 19:47:29 - Returning successor //localhost:1099/node_3
2024-04-21 19:47:29 - Found closest preceding finger //localhost:1099/node_3 for key 1064156024
2024-04-21 19:47:29 - Updated finger table entry 11 with //localhost:1099/node_3
2024-04-21 19:47:29 - Returning successor //localhost:1099/node_3
2024-04-21 19:47:29 - Returning successor //localhost:1099/node_3
2024-04-21 19:47:29 - Found closest preceding finger //localhost:1099/node_3 for key 1064153976
2024-04-21 19:47:29 - Updated finger table entry 12 with //localhost:1099/node_3
2024-04-21 19:47:29 - Returning successor //localhost:1099/node_3
2024-04-21 19:47:29 - Returning successor //localhost:1099/node_3
2024-04-21 19:47:29 - Found closest preceding finger //localhost:1099/node_3 for key 1064149880
2024-04-21 19:47:29 - Updated finger table entry 13 with //localhost:1099/node_3
2024-04-21 19:47:30 - Returning successor //localhost:1099/node_3
2024-04-21 19:47:30 - Returning successor //localhost:1099/node_3
2024-04-21 19:47:30 - Found closest preceding finger //localhost:1099/node_3 for key 1064141688
2024-04-21 19:47:30 - Updated finger table entry 14 with //localhost:1099/node_3
2024-04-21 19:47:30 - Returning successor //localhost:1099/node_3
2024-04-21 19:47:30 - Returning successor //localhost:1099/node_3
2024-04-21 19:47:30 - Found closest preceding finger //localhost:1099/node_3 for key 1064125304
2024-04-21 19:47:30 - Updated finger table entry 15 with //localhost:1099/node_3
2024-04-21 19:47:30 - Returning successor //localhost:1099/node_3
2024-04-21 19:47:30 - Returning successor //localhost:1099/node_3
2024-04-21 19:47:30 - Found closest preceding finger //localhost:1099/node_3 for key 1064092536
2024-04-21 19:47:30 - Updated finger table entry 16 with //localhost:1099/node_3
2024-04-21 19:47:30 - Returning successor //localhost:1099/node_3
2024-04-21 19:47:30 - Returning successor //localhost:1099/node_3
2024-04-21 19:47:30 - Found closest preceding finger //localhost:1099/node_3 for key 1064027000
2024-04-21 19:47:30 - Updated finger table entry 17 with //localhost:1099/node_3
2024-04-21 19:47:30 - Returning successor //localhost:1099/node_3
2024-04-21 19:47:30 - Returning successor //localhost:1099/node_3
2024-04-21 19:47:30 - Found closest preceding finger //localhost:1099/node_3 for key 1063895928
2024-04-21 19:47:30 - Updated finger table entry 18 with //localhost:1099/node_3
2024-04-21 19:47:30 - Returning successor //localhost:1099/node_3
2024-04-21 19:47:30 - Returning successor //localhost:1099/node_3
2024-04-21 19:47:30 - Found closest preceding finger //localhost:1099/node_3 for key 1063633784
2024-04-21 19:47:30 - Updated finger table entry 19 with //localhost:1099/node_3
2024-04-21 19:47:30 - Returning successor //localhost:1099/node_3
2024-04-21 19:47:30 - Returning successor //localhost:1099/node_3
2024-04-21 19:47:30 - Found closest preceding finger //localhost:1099/node_3 for key 1063109496
2024-04-21 19:47:30 - Updated finger table entry 20 with //localhost:1099/node_3
2024-04-21 19:47:30 - Returning successor //localhost:1099/node_3
2024-04-21 19:47:30 - Returning successor //localhost:1099/node_3
2024-04-21 19:47:30 - Found closest preceding finger //localhost:1099/node_3 for key 1062060920
2024-04-21 19:47:30 - Updated finger table entry 21 with //localhost:1099/node_3
2024-04-21 19:47:30 - Returning successor //localhost:1099/node_3
2024-04-21 19:47:30 - Returning successor //localhost:1099/node_3
2024-04-21 19:47:30 - Found closest preceding finger //localhost:1099/node_3 for key 1059963768
2024-04-21 19:47:30 - Updated finger table entry 22 with //localhost:1099/node_3
2024-04-21 19:47:30 - Returning successor //localhost:1099/node_3
2024-04-21 19:47:30 - Returning successor //localhost:1099/node_3
2024-04-21 19:47:30 - Found closest preceding finger //localhost:1099/node_3 for key 1055769464
2024-04-21 19:47:30 - Updated finger table entry 23 with //localhost:1099/node_3
2024-04-21 19:47:30 - Returning successor //localhost:1099/node_3
2024-04-21 19:47:30 - Returning successor //localhost:1099/node_3
2024-04-21 19:47:30 - Found closest preceding finger //localhost:1099/node_3 for key 1047380856
2024-04-21 19:47:30 - Updated finger table entry 24 with //localhost:1099/node_3
2024-04-21 19:47:30 - Returning successor //localhost:1099/node_3
2024-04-21 19:47:30 - Updated finger table entry 25 with //localhost:1099/node_4
2024-04-21 19:47:30 - Returning successor //localhost:1099/node_3
2024-04-21 19:47:30 - Returning successor //localhost:1099/node_3
2024-04-21 19:47:30 - Found closest preceding finger //localhost:1099/node_3 for key 1047381259
2024-04-21 19:47:30 - Updated finger table entry 25 with //localhost:1099/node_3
2024-04-21 19:47:30 - Returning successor //localhost:1099/node_3
2024-04-21 19:47:30 - Updated finger table entry 26 with //localhost:1099/node_6
2024-04-21 19:47:31 - Returning successor //localhost:1099/node_3
2024-04-21 19:47:31 - Returning successor //localhost:1099/node_3
2024-04-21 19:47:31 - Found closest preceding finger //localhost:1099/node_3 for key 1047382065
2024-04-21 19:47:31 - Updated finger table entry 26 with //localhost:1099/node_3
2024-04-21 19:47:31 - Returning predecessor //localhost:1099/node_1
2024-04-21 19:47:31 - Printed finger table
2024-04-21 19:47:31 - Node shutdown completed
2024-04-21 19:58:15 - Node created with URL: //localhost:1099/node_2
2024-04-21 20:02:56 - Node created with URL: //localhost:1099/node_2
2024-04-21 20:05:11 - Returning successor //localhost:1099/node_0
2024-04-21 20:05:11 - Initialized finger table
2024-04-21 20:05:11 - Returning successor //localhost:1099/node_0
2024-04-21 20:05:11 - Returning successor //localhost:1099/node_0
2024-04-21 20:05:11 - Returning successor //localhost:1099/node_0
2024-04-21 20:05:11 - Returning successor //localhost:1099/node_0
2024-04-21 20:05:11 - Found closest preceding finger //localhost:1099/node_0 for key 1030602832
2024-04-21 20:05:11 - Found predecessor //localhost:1099/node_1 for key 1030602832
2024-04-21 20:05:11 - Returning successor //localhost:1099/node_0
2024-04-21 20:05:11 - Returning successor //localhost:1099/node_0
2024-04-21 20:05:11 - Found closest preceding finger //localhost:1099/node_0 for key 1030602830
2024-04-21 20:05:11 - Found predecessor //localhost:1099/node_1 for key 1030602830
2024-04-21 20:05:11 - Returning successor //localhost:1099/node_0
2024-04-21 20:05:11 - Returning successor //localhost:1099/node_0
2024-04-21 20:05:11 - Found closest preceding finger //localhost:1099/node_0 for key 1030602826
2024-04-21 20:05:11 - Found predecessor //localhost:1099/node_1 for key 1030602826
2024-04-21 20:05:11 - Returning successor //localhost:1099/node_0
2024-04-21 20:05:11 - Returning successor //localhost:1099/node_0
2024-04-21 20:05:11 - Found closest preceding finger //localhost:1099/node_0 for key 1030602818
2024-04-21 20:05:11 - Found predecessor //localhost:1099/node_1 for key 1030602818
2024-04-21 20:05:11 - Returning successor //localhost:1099/node_0
2024-04-21 20:05:11 - Returning successor //localhost:1099/node_0
2024-04-21 20:05:11 - Found closest preceding finger //localhost:1099/node_0 for key 1030602802
2024-04-21 20:05:11 - Found predecessor //localhost:1099/node_1 for key 1030602802
2024-04-21 20:05:11 - Returning successor //localhost:1099/node_0
2024-04-21 20:05:11 - Returning successor //localhost:1099/node_0
2024-04-21 20:05:11 - Found closest preceding finger //localhost:1099/node_0 for key 1030602770
2024-04-21 20:05:11 - Found predecessor //localhost:1099/node_1 for key 1030602770
2024-04-21 20:05:11 - Returning successor //localhost:1099/node_0
2024-04-21 20:05:11 - Returning successor //localhost:1099/node_0
2024-04-21 20:05:11 - Found closest preceding finger //localhost:1099/node_0 for key 1030602706
2024-04-21 20:05:11 - Found predecessor //localhost:1099/node_1 for key 1030602706
2024-04-21 20:05:11 - Returning successor //localhost:1099/node_0
2024-04-21 20:05:11 - Returning successor //localhost:1099/node_0
2024-04-21 20:05:11 - Found closest preceding finger //localhost:1099/node_0 for key 1030602578
2024-04-21 20:05:11 - Found predecessor //localhost:1099/node_1 for key 1030602578
2024-04-21 20:05:11 - Returning successor //localhost:1099/node_0
2024-04-21 20:05:11 - Returning successor //localhost:1099/node_0
2024-04-21 20:05:11 - Found closest preceding finger //localhost:1099/node_0 for key 1030602322
2024-04-21 20:05:11 - Found predecessor //localhost:1099/node_1 for key 1030602322
2024-04-21 20:05:11 - Returning successor //localhost:1099/node_0
2024-04-21 20:05:11 - Returning successor //localhost:1099/node_0
2024-04-21 20:05:11 - Found closest preceding finger //localhost:1099/node_0 for key 1030601810
2024-04-21 20:05:11 - Found predecessor //localhost:1099/node_1 for key 1030601810
2024-04-21 20:05:11 - Returning successor //localhost:1099/node_0
2024-04-21 20:05:11 - Returning successor //localhost:1099/node_0
2024-04-21 20:05:11 - Found closest preceding finger //localhost:1099/node_0 for key 1030600786
2024-04-21 20:05:11 - Found predecessor //localhost:1099/node_1 for key 1030600786
2024-04-21 20:05:11 - Returning successor //localhost:1099/node_0
2024-04-21 20:05:11 - Returning successor //localhost:1099/node_0
2024-04-21 20:05:11 - Found closest preceding finger //localhost:1099/node_0 for key 1030598738
2024-04-21 20:05:11 - Found predecessor //localhost:1099/node_1 for key 1030598738
2024-04-21 20:05:11 - Returning successor //localhost:1099/node_0
2024-04-21 20:05:11 - Returning successor //localhost:1099/node_0
2024-04-21 20:05:11 - Found closest preceding finger //localhost:1099/node_0 for key 1030594642
2024-04-21 20:05:11 - Found predecessor //localhost:1099/node_1 for key 1030594642
2024-04-21 20:05:11 - Returning successor //localhost:1099/node_0
2024-04-21 20:05:11 - Returning successor //localhost:1099/node_0
2024-04-21 20:05:11 - Found closest preceding finger //localhost:1099/node_0 for key 1030586450
2024-04-21 20:05:11 - Found predecessor //localhost:1099/node_1 for key 1030586450
2024-04-21 20:05:11 - Returning successor //localhost:1099/node_0
2024-04-21 20:05:11 - Returning successor //localhost:1099/node_0
2024-04-21 20:05:11 - Found closest preceding finger //localhost:1099/node_0 for key 1030570066
2024-04-21 20:05:11 - Found predecessor //localhost:1099/node_1 for key 1030570066
2024-04-21 20:05:11 - Returning successor //localhost:1099/node_0
2024-04-21 20:05:11 - Returning successor //localhost:1099/node_0
2024-04-21 20:05:11 - Found closest preceding finger //localhost:1099/node_0 for key 1030537298
2024-04-21 20:05:11 - Found predecessor //localhost:1099/node_1 for key 1030537298
2024-04-21 20:05:11 - Returning successor //localhost:1099/node_0
2024-04-21 20:05:11 - Returning successor //localhost:1099/node_0
2024-04-21 20:05:11 - Found closest preceding finger //localhost:1099/node_0 for key 1030471762
2024-04-21 20:05:11 - Found predecessor //localhost:1099/node_1 for key 1030471762
2024-04-21 20:05:11 - Returning successor //localhost:1099/node_0
2024-04-21 20:05:11 - Returning successor //localhost:1099/node_0
2024-04-21 20:05:11 - Found closest preceding finger //localhost:1099/node_0 for key 1030340690
2024-04-21 20:05:11 - Found predecessor //localhost:1099/node_1 for key 1030340690
2024-04-21 20:05:11 - Returning successor //localhost:1099/node_0
2024-04-21 20:05:11 - Returning successor //localhost:1099/node_0
2024-04-21 20:05:11 - Found closest preceding finger //localhost:1099/node_0 for key 1030078546
2024-04-21 20:05:11 - Found predecessor //localhost:1099/node_1 for key 1030078546
2024-04-21 20:05:11 - Returning successor //localhost:1099/node_0
2024-04-21 20:05:11 - Returning successor //localhost:1099/node_0
2024-04-21 20:05:11 - Found closest preceding finger //localhost:1099/node_0 for key 1029554258
2024-04-21 20:05:11 - Found predecessor //localhost:1099/node_1 for key 1029554258
2024-04-21 20:05:11 - Returning successor //localhost:1099/node_0
2024-04-21 20:05:11 - Returning successor //localhost:1099/node_0
2024-04-21 20:05:11 - Found closest preceding finger //localhost:1099/node_0 for key 1028505682
2024-04-21 20:05:11 - Found predecessor //localhost:1099/node_1 for key 1028505682
2024-04-21 20:05:11 - Returning successor //localhost:1099/node_0
2024-04-21 20:05:11 - Returning successor //localhost:1099/node_0
2024-04-21 20:05:11 - Found closest preceding finger //localhost:1099/node_0 for key 1026408530
2024-04-21 20:05:11 - Found predecessor //localhost:1099/node_1 for key 1026408530
2024-04-21 20:05:11 - Returning successor //localhost:1099/node_0
2024-04-21 20:05:11 - Returning successor //localhost:1099/node_0
2024-04-21 20:05:11 - Found closest preceding finger //localhost:1099/node_0 for key 1022214226
2024-04-21 20:05:11 - Found predecessor //localhost:1099/node_1 for key 1022214226
2024-04-21 20:05:11 - Returning successor //localhost:1099/node_0
2024-04-21 20:05:11 - Returning successor //localhost:1099/node_0
2024-04-21 20:05:11 - Found closest preceding finger //localhost:1099/node_0 for key 1013825618
2024-04-21 20:05:11 - Found predecessor //localhost:1099/node_1 for key 1013825618
2024-04-21 20:05:11 - Returning successor //localhost:1099/node_0
2024-04-21 20:05:11 - Returning successor //localhost:1099/node_0
2024-04-21 20:05:11 - Found closest preceding finger //localhost:1099/node_0 for key 997048402
2024-04-21 20:05:11 - Found predecessor //localhost:1099/node_0 for key 997048402
2024-04-21 20:05:11 - Updated finger table entry 25 with //localhost:1099/node_0
2024-04-21 20:05:11 - Returning successor //localhost:1099/node_0
2024-04-21 20:05:11 - Found predecessor //localhost:1099/node_2 for key 963493970
2024-04-21 20:05:11 - Updated finger table entry 26 with //localhost:1099/node_2
2024-04-21 20:05:11 - Returning successor //localhost:1099/node_0
2024-04-21 20:05:11 - Found predecessor //localhost:1099/node_2 for key 896385106
2024-04-21 20:05:11 - Updated finger table entry 27 with //localhost:1099/node_2
2024-04-21 20:05:11 - Returning successor //localhost:1099/node_0
2024-04-21 20:05:11 - Found predecessor //localhost:1099/node_2 for key 762167378
2024-04-21 20:05:11 - Updated finger table entry 28 with //localhost:1099/node_2
2024-04-21 20:05:11 - Returning successor //localhost:1099/node_0
2024-04-21 20:05:11 - Found predecessor //localhost:1099/node_2 for key 493731922
2024-04-21 20:05:11 - Updated finger table entry 29 with //localhost:1099/node_2
2024-04-21 20:05:11 - Returning successor //localhost:1099/node_0
2024-04-21 20:05:11 - Found predecessor //localhost:1099/node_2 for key 2104344658
2024-04-21 20:05:11 - Updated finger table entry 30 with //localhost:1099/node_2
2024-04-21 20:05:11 - Updated finger tables of other nodes
2024-04-21 20:05:11 - Joined the Chord Ring
2024-04-21 20:05:11 - Returning successor //localhost:1099/node_0
2024-04-21 20:05:11 - Returning successor //localhost:1099/node_0
2024-04-21 20:05:11 - Updated finger table entry 0 with //localhost:1099/node_3
2024-04-21 20:05:11 - Returning successor //localhost:1099/node_3
2024-04-21 20:05:11 - Updated finger table entry 1 with //localhost:1099/node_3
2024-04-21 20:05:11 - Returning successor //localhost:1099/node_3
2024-04-21 20:05:11 - Updated finger table entry 2 with //localhost:1099/node_3
2024-04-21 20:05:11 - Returning successor //localhost:1099/node_3
2024-04-21 20:05:11 - Updated finger table entry 3 with //localhost:1099/node_3
2024-04-21 20:05:11 - Returning successor //localhost:1099/node_3
2024-04-21 20:05:11 - Updated finger table entry 4 with //localhost:1099/node_3
2024-04-21 20:05:11 - Returning successor //localhost:1099/node_3
2024-04-21 20:05:11 - Updated finger table entry 5 with //localhost:1099/node_3
2024-04-21 20:05:11 - Returning successor //localhost:1099/node_3
2024-04-21 20:05:11 - Updated finger table entry 6 with //localhost:1099/node_3
2024-04-21 20:05:11 - Returning successor //localhost:1099/node_3
2024-04-21 20:05:11 - Updated finger table entry 7 with //localhost:1099/node_3
2024-04-21 20:05:11 - Returning successor //localhost:1099/node_3
2024-04-21 20:05:11 - Updated finger table entry 8 with //localhost:1099/node_3
2024-04-21 20:05:11 - Returning successor //localhost:1099/node_3
2024-04-21 20:05:11 - Updated finger table entry 9 with //localhost:1099/node_3
2024-04-21 20:05:11 - Returning successor //localhost:1099/node_3
2024-04-21 20:05:11 - Updated finger table entry 10 with //localhost:1099/node_3
2024-04-21 20:05:11 - Returning successor //localhost:1099/node_3
2024-04-21 20:05:11 - Updated finger table entry 11 with //localhost:1099/node_3
2024-04-21 20:05:11 - Returning successor //localhost:1099/node_3
2024-04-21 20:05:11 - Updated finger table entry 12 with //localhost:1099/node_3
2024-04-21 20:05:11 - Returning successor //localhost:1099/node_3
2024-04-21 20:05:11 - Updated finger table entry 13 with //localhost:1099/node_3
2024-04-21 20:05:11 - Returning successor //localhost:1099/node_3
2024-04-21 20:05:11 - Updated finger table entry 14 with //localhost:1099/node_3
2024-04-21 20:05:11 - Returning successor //localhost:1099/node_3
2024-04-21 20:05:11 - Updated finger table entry 15 with //localhost:1099/node_3
2024-04-21 20:05:11 - Returning successor //localhost:1099/node_3
2024-04-21 20:05:11 - Updated finger table entry 16 with //localhost:1099/node_3
2024-04-21 20:05:11 - Returning successor //localhost:1099/node_3
2024-04-21 20:05:11 - Updated finger table entry 17 with //localhost:1099/node_3
2024-04-21 20:05:11 - Returning successor //localhost:1099/node_3
2024-04-21 20:05:11 - Updated finger table entry 18 with //localhost:1099/node_3
2024-04-21 20:05:11 - Returning successor //localhost:1099/node_3
2024-04-21 20:05:11 - Updated finger table entry 19 with //localhost:1099/node_3
2024-04-21 20:05:11 - Returning successor //localhost:1099/node_3
2024-04-21 20:05:11 - Updated finger table entry 20 with //localhost:1099/node_3
2024-04-21 20:05:11 - Returning successor //localhost:1099/node_3
2024-04-21 20:05:11 - Updated finger table entry 21 with //localhost:1099/node_3
2024-04-21 20:05:11 - Returning successor //localhost:1099/node_3
2024-04-21 20:05:11 - Updated finger table entry 22 with //localhost:1099/node_3
2024-04-21 20:05:11 - Returning successor //localhost:1099/node_3
2024-04-21 20:05:11 - Updated finger table entry 23 with //localhost:1099/node_3
2024-04-21 20:05:11 - Returning successor //localhost:1099/node_3
2024-04-21 20:05:11 - Updated finger table entry 24 with //localhost:1099/node_3
2024-04-21 20:05:11 - Returning successor //localhost:1099/node_3
2024-04-21 20:05:11 - Returning successor //localhost:1099/node_3
2024-04-21 20:05:11 - Found closest preceding finger //localhost:1099/node_3 for key 1064158072
2024-04-21 20:05:12 - Updated finger table entry 0 with //localhost:1099/node_3
2024-04-21 20:05:12 - Returning successor //localhost:1099/node_3
2024-04-21 20:05:12 - Returning successor //localhost:1099/node_3
2024-04-21 20:05:12 - Found closest preceding finger //localhost:1099/node_3 for key 1064158070
2024-04-21 20:05:12 - Updated finger table entry 1 with //localhost:1099/node_3
2024-04-21 20:05:12 - Returning successor //localhost:1099/node_3
2024-04-21 20:05:12 - Returning successor //localhost:1099/node_3
2024-04-21 20:05:12 - Found closest preceding finger //localhost:1099/node_3 for key 1064158068
2024-04-21 20:05:12 - Updated finger table entry 2 with //localhost:1099/node_3
2024-04-21 20:05:12 - Returning successor //localhost:1099/node_3
2024-04-21 20:05:12 - Returning successor //localhost:1099/node_3
2024-04-21 20:05:12 - Found closest preceding finger //localhost:1099/node_3 for key 1064158064
2024-04-21 20:05:12 - Updated finger table entry 3 with //localhost:1099/node_3
2024-04-21 20:05:12 - Returning successor //localhost:1099/node_3
2024-04-21 20:05:12 - Returning successor //localhost:1099/node_3
2024-04-21 20:05:12 - Found closest preceding finger //localhost:1099/node_3 for key 1064158056
2024-04-21 20:05:12 - Updated finger table entry 4 with //localhost:1099/node_3
2024-04-21 20:05:12 - Returning successor //localhost:1099/node_3
2024-04-21 20:05:12 - Returning successor //localhost:1099/node_3
2024-04-21 20:05:12 - Found closest preceding finger //localhost:1099/node_3 for key 1064158040
2024-04-21 20:05:12 - Updated finger table entry 5 with //localhost:1099/node_3
2024-04-21 20:05:12 - Returning successor //localhost:1099/node_3
2024-04-21 20:05:12 - Returning successor //localhost:1099/node_3
2024-04-21 20:05:12 - Found closest preceding finger //localhost:1099/node_3 for key 1064158008
2024-04-21 20:05:12 - Updated finger table entry 6 with //localhost:1099/node_3
2024-04-21 20:05:12 - Returning successor //localhost:1099/node_3
2024-04-21 20:05:12 - Returning successor //localhost:1099/node_3
2024-04-21 20:05:12 - Found closest preceding finger //localhost:1099/node_3 for key 1064157944
2024-04-21 20:05:12 - Updated finger table entry 7 with //localhost:1099/node_3
2024-04-21 20:05:12 - Returning successor //localhost:1099/node_3
2024-04-21 20:05:12 - Returning successor //localhost:1099/node_3
2024-04-21 20:05:12 - Found closest preceding finger //localhost:1099/node_3 for key 1064157816
2024-04-21 20:05:12 - Updated finger table entry 8 with //localhost:1099/node_3
2024-04-21 20:05:12 - Returning successor //localhost:1099/node_3
2024-04-21 20:05:12 - Returning successor //localhost:1099/node_3
2024-04-21 20:05:12 - Found closest preceding finger //localhost:1099/node_3 for key 1064157560
2024-04-21 20:05:12 - Updated finger table entry 9 with //localhost:1099/node_3
2024-04-21 20:05:12 - Returning successor //localhost:1099/node_3
2024-04-21 20:05:12 - Returning successor //localhost:1099/node_3
2024-04-21 20:05:12 - Found closest preceding finger //localhost:1099/node_3 for key 1064157048
2024-04-21 20:05:12 - Updated finger table entry 10 with //localhost:1099/node_3
2024-04-21 20:05:12 - Returning successor //localhost:1099/node_3
2024-04-21 20:05:12 - Returning successor //localhost:1099/node_3
2024-04-21 20:05:12 - Found closest preceding finger //localhost:1099/node_3 for key 1064156024
2024-04-21 20:05:12 - Updated finger table entry 11 with //localhost:1099/node_3
2024-04-21 20:05:12 - Returning successor //localhost:1099/node_3
2024-04-21 20:05:12 - Returning successor //localhost:1099/node_3
2024-04-21 20:05:12 - Found closest preceding finger //localhost:1099/node_3 for key 1064153976
2024-04-21 20:05:12 - Updated finger table entry 12 with //localhost:1099/node_3
2024-04-21 20:05:12 - Returning successor //localhost:1099/node_3
2024-04-21 20:05:12 - Returning successor //localhost:1099/node_3
2024-04-21 20:05:12 - Found closest preceding finger //localhost:1099/node_3 for key 1064149880
2024-04-21 20:05:12 - Updated finger table entry 13 with //localhost:1099/node_3
2024-04-21 20:05:12 - Returning successor //localhost:1099/node_3
2024-04-21 20:05:12 - Returning successor //localhost:1099/node_3
2024-04-21 20:05:12 - Found closest preceding finger //localhost:1099/node_3 for key 1064141688
2024-04-21 20:05:12 - Updated finger table entry 14 with //localhost:1099/node_3
2024-04-21 20:05:12 - Returning successor //localhost:1099/node_3
2024-04-21 20:05:12 - Returning successor //localhost:1099/node_3
2024-04-21 20:05:12 - Found closest preceding finger //localhost:1099/node_3 for key 1064125304
2024-04-21 20:05:12 - Updated finger table entry 15 with //localhost:1099/node_3
2024-04-21 20:05:12 - Returning successor //localhost:1099/node_3
2024-04-21 20:05:12 - Returning successor //localhost:1099/node_3
2024-04-21 20:05:12 - Found closest preceding finger //localhost:1099/node_3 for key 1064092536
2024-04-21 20:05:12 - Updated finger table entry 16 with //localhost:1099/node_3
2024-04-21 20:05:12 - Returning successor //localhost:1099/node_3
2024-04-21 20:05:12 - Returning successor //localhost:1099/node_3
2024-04-21 20:05:12 - Found closest preceding finger //localhost:1099/node_3 for key 1064027000
2024-04-21 20:05:12 - Updated finger table entry 17 with //localhost:1099/node_3
2024-04-21 20:05:12 - Returning successor //localhost:1099/node_3
2024-04-21 20:05:12 - Returning successor //localhost:1099/node_3
2024-04-21 20:05:12 - Found closest preceding finger //localhost:1099/node_3 for key 1063895928
2024-04-21 20:05:12 - Updated finger table entry 18 with //localhost:1099/node_3
2024-04-21 20:05:12 - Returning successor //localhost:1099/node_3
2024-04-21 20:05:12 - Returning successor //localhost:1099/node_3
2024-04-21 20:05:12 - Found closest preceding finger //localhost:1099/node_3 for key 1063633784
2024-04-21 20:05:12 - Updated finger table entry 19 with //localhost:1099/node_3
2024-04-21 20:05:12 - Returning successor //localhost:1099/node_3
2024-04-21 20:05:12 - Returning successor //localhost:1099/node_3
2024-04-21 20:05:12 - Found closest preceding finger //localhost:1099/node_3 for key 1063109496
2024-04-21 20:05:12 - Updated finger table entry 20 with //localhost:1099/node_3
2024-04-21 20:05:12 - Returning successor //localhost:1099/node_3
2024-04-21 20:05:12 - Returning successor //localhost:1099/node_3
2024-04-21 20:05:12 - Found closest preceding finger //localhost:1099/node_3 for key 1062060920
2024-04-21 20:05:12 - Updated finger table entry 21 with //localhost:1099/node_3
2024-04-21 20:05:12 - Returning successor //localhost:1099/node_3
2024-04-21 20:05:12 - Returning successor //localhost:1099/node_3
2024-04-21 20:05:12 - Found closest preceding finger //localhost:1099/node_3 for key 1059963768
2024-04-21 20:05:12 - Updated finger table entry 22 with //localhost:1099/node_3
2024-04-21 20:05:12 - Returning successor //localhost:1099/node_3
2024-04-21 20:05:12 - Returning successor //localhost:1099/node_3
2024-04-21 20:05:12 - Found closest preceding finger //localhost:1099/node_3 for key 1055769464
2024-04-21 20:05:12 - Updated finger table entry 23 with //localhost:1099/node_3
2024-04-21 20:05:12 - Returning successor //localhost:1099/node_3
2024-04-21 20:05:12 - Returning successor //localhost:1099/node_3
2024-04-21 20:05:12 - Found closest preceding finger //localhost:1099/node_3 for key 1047380856
2024-04-21 20:05:12 - Updated finger table entry 24 with //localhost:1099/node_3
2024-04-21 20:05:12 - Returning successor //localhost:1099/node_3
2024-04-21 20:05:12 - Updated finger table entry 25 with //localhost:1099/node_4
2024-04-21 20:05:12 - Returning successor //localhost:1099/node_3
2024-04-21 20:05:12 - Returning successor //localhost:1099/node_3
2024-04-21 20:05:12 - Found closest preceding finger //localhost:1099/node_3 for key 1047381259
2024-04-21 20:05:12 - Updated finger table entry 25 with //localhost:1099/node_3
2024-04-21 20:05:12 - Returning successor //localhost:1099/node_3
2024-04-21 20:05:12 - Updated finger table entry 26 with //localhost:1099/node_6
2024-04-21 20:05:13 - Returning successor //localhost:1099/node_3
2024-04-21 20:05:13 - Returning successor //localhost:1099/node_3
2024-04-21 20:05:13 - Found closest preceding finger //localhost:1099/node_3 for key 1047382065
2024-04-21 20:05:13 - Updated finger table entry 26 with //localhost:1099/node_3
2024-04-21 20:05:13 - Returning predecessor //localhost:1099/node_1
2024-04-21 20:05:13 - Printed finger table
2024-04-21 20:05:13 - Node shutdown completed
2024-04-21 20:05:49 - Node created with URL: //localhost:1099/node_2
2024-04-21 20:06:08 - Returning successor //localhost:1099/node_0
2024-04-21 20:06:08 - Initialized finger table
2024-04-21 20:06:08 - Returning successor //localhost:1099/node_0
2024-04-21 20:06:08 - Returning successor //localhost:1099/node_0
2024-04-21 20:06:08 - Returning successor //localhost:1099/node_0
2024-04-21 20:06:08 - Returning successor //localhost:1099/node_0
2024-04-21 20:06:08 - Found closest preceding finger //localhost:1099/node_0 for key 1030602832
2024-04-21 20:06:08 - Found predecessor //localhost:1099/node_1 for key 1030602832
2024-04-21 20:06:08 - Returning successor //localhost:1099/node_0
2024-04-21 20:06:08 - Returning successor //localhost:1099/node_0
2024-04-21 20:06:08 - Found closest preceding finger //localhost:1099/node_0 for key 1030602830
2024-04-21 20:06:08 - Found predecessor //localhost:1099/node_1 for key 1030602830
2024-04-21 20:06:08 - Returning successor //localhost:1099/node_0
2024-04-21 20:06:08 - Returning successor //localhost:1099/node_0
2024-04-21 20:06:08 - Found closest preceding finger //localhost:1099/node_0 for key 1030602826
2024-04-21 20:06:08 - Found predecessor //localhost:1099/node_1 for key 1030602826
2024-04-21 20:06:08 - Returning successor //localhost:1099/node_0
2024-04-21 20:06:08 - Returning successor //localhost:1099/node_0
2024-04-21 20:06:08 - Found closest preceding finger //localhost:1099/node_0 for key 1030602818
2024-04-21 20:06:08 - Found predecessor //localhost:1099/node_1 for key 1030602818
2024-04-21 20:06:08 - Returning successor //localhost:1099/node_0
2024-04-21 20:06:08 - Returning successor //localhost:1099/node_0
2024-04-21 20:06:08 - Found closest preceding finger //localhost:1099/node_0 for key 1030602802
2024-04-21 20:06:08 - Found predecessor //localhost:1099/node_1 for key 1030602802
2024-04-21 20:06:08 - Returning successor //localhost:1099/node_0
2024-04-21 20:06:08 - Returning successor //localhost:1099/node_0
2024-04-21 20:06:08 - Found closest preceding finger //localhost:1099/node_0 for key 1030602770
2024-04-21 20:06:08 - Found predecessor //localhost:1099/node_1 for key 1030602770
2024-04-21 20:06:08 - Returning successor //localhost:1099/node_0
2024-04-21 20:06:08 - Returning successor //localhost:1099/node_0
2024-04-21 20:06:08 - Found closest preceding finger //localhost:1099/node_0 for key 1030602706
2024-04-21 20:06:08 - Found predecessor //localhost:1099/node_1 for key 1030602706
2024-04-21 20:06:08 - Returning successor //localhost:1099/node_0
2024-04-21 20:06:08 - Returning successor //localhost:1099/node_0
2024-04-21 20:06:08 - Found closest preceding finger //localhost:1099/node_0 for key 1030602578
2024-04-21 20:06:08 - Found predecessor //localhost:1099/node_1 for key 1030602578
2024-04-21 20:06:08 - Returning successor //localhost:1099/node_0
2024-04-21 20:06:08 - Returning successor //localhost:1099/node_0
2024-04-21 20:06:08 - Found closest preceding finger //localhost:1099/node_0 for key 1030602322
2024-04-21 20:06:08 - Found predecessor //localhost:1099/node_1 for key 1030602322
2024-04-21 20:06:08 - Returning successor //localhost:1099/node_0
2024-04-21 20:06:08 - Returning successor //localhost:1099/node_0
2024-04-21 20:06:08 - Found closest preceding finger //localhost:1099/node_0 for key 1030601810
2024-04-21 20:06:08 - Found predecessor //localhost:1099/node_1 for key 1030601810
2024-04-21 20:06:08 - Returning successor //localhost:1099/node_0
2024-04-21 20:06:08 - Returning successor //localhost:1099/node_0
2024-04-21 20:06:08 - Found closest preceding finger //localhost:1099/node_0 for key 1030600786
2024-04-21 20:06:08 - Found predecessor //localhost:1099/node_1 for key 1030600786
2024-04-21 20:06:08 - Returning successor //localhost:1099/node_0
2024-04-21 20:06:08 - Returning successor //localhost:1099/node_0
2024-04-21 20:06:08 - Found closest preceding finger //localhost:1099/node_0 for key 1030598738
2024-04-21 20:06:08 - Found predecessor //localhost:1099/node_1 for key 1030598738
2024-04-21 20:06:08 - Returning successor //localhost:1099/node_0
2024-04-21 20:06:08 - Returning successor //localhost:1099/node_0
2024-04-21 20:06:08 - Found closest preceding finger //localhost:1099/node_0 for key 1030594642
2024-04-21 20:06:08 - Found predecessor //localhost:1099/node_1 for key 1030594642
2024-04-21 20:06:08 - Returning successor //localhost:1099/node_0
2024-04-21 20:06:08 - Returning successor //localhost:1099/node_0
2024-04-21 20:06:08 - Found closest preceding finger //localhost:1099/node_0 for key 1030586450
2024-04-21 20:06:08 - Found predecessor //localhost:1099/node_1 for key 1030586450
2024-04-21 20:06:08 - Returning successor //localhost:1099/node_0
2024-04-21 20:06:08 - Returning successor //localhost:1099/node_0
2024-04-21 20:06:08 - Found closest preceding finger //localhost:1099/node_0 for key 1030570066
2024-04-21 20:06:08 - Found predecessor //localhost:1099/node_1 for key 1030570066
2024-04-21 20:06:08 - Returning successor //localhost:1099/node_0
2024-04-21 20:06:08 - Returning successor //localhost:1099/node_0
2024-04-21 20:06:08 - Found closest preceding finger //localhost:1099/node_0 for key 1030537298
2024-04-21 20:06:08 - Found predecessor //localhost:1099/node_1 for key 1030537298
2024-04-21 20:06:08 - Returning successor //localhost:1099/node_0
2024-04-21 20:06:08 - Returning successor //localhost:1099/node_0
2024-04-21 20:06:08 - Found closest preceding finger //localhost:1099/node_0 for key 1030471762
2024-04-21 20:06:08 - Found predecessor //localhost:1099/node_1 for key 1030471762
2024-04-21 20:06:08 - Returning successor //localhost:1099/node_0
2024-04-21 20:06:08 - Returning successor //localhost:1099/node_0
2024-04-21 20:06:08 - Found closest preceding finger //localhost:1099/node_0 for key 1030340690
2024-04-21 20:06:08 - Found predecessor //localhost:1099/node_1 for key 1030340690
2024-04-21 20:06:08 - Returning successor //localhost:1099/node_0
2024-04-21 20:06:08 - Returning successor //localhost:1099/node_0
2024-04-21 20:06:08 - Found closest preceding finger //localhost:1099/node_0 for key 1030078546
2024-04-21 20:06:08 - Found predecessor //localhost:1099/node_1 for key 1030078546
2024-04-21 20:06:08 - Returning successor //localhost:1099/node_0
2024-04-21 20:06:08 - Returning successor //localhost:1099/node_0
2024-04-21 20:06:08 - Found closest preceding finger //localhost:1099/node_0 for key 1029554258
2024-04-21 20:06:08 - Found predecessor //localhost:1099/node_1 for key 1029554258
2024-04-21 20:06:08 - Returning successor //localhost:1099/node_0
2024-04-21 20:06:08 - Returning successor //localhost:1099/node_0
2024-04-21 20:06:08 - Found closest preceding finger //localhost:1099/node_0 for key 1028505682
2024-04-21 20:06:08 - Found predecessor //localhost:1099/node_1 for key 1028505682
2024-04-21 20:06:08 - Returning successor //localhost:1099/node_0
2024-04-21 20:06:08 - Returning successor //localhost:1099/node_0
2024-04-21 20:06:08 - Found closest preceding finger //localhost:1099/node_0 for key 1026408530
2024-04-21 20:06:08 - Found predecessor //localhost:1099/node_1 for key 1026408530
2024-04-21 20:06:08 - Returning successor //localhost:1099/node_0
2024-04-21 20:06:08 - Returning successor //localhost:1099/node_0
2024-04-21 20:06:08 - Found closest preceding finger //localhost:1099/node_0 for key 1022214226
2024-04-21 20:06:08 - Found predecessor //localhost:1099/node_1 for key 1022214226
2024-04-21 20:06:08 - Returning successor //localhost:1099/node_0
2024-04-21 20:06:08 - Returning successor //localhost:1099/node_0
2024-04-21 20:06:08 - Found closest preceding finger //localhost:1099/node_0 for key 1013825618
2024-04-21 20:06:08 - Found predecessor //localhost:1099/node_1 for key 1013825618
2024-04-21 20:06:08 - Returning successor //localhost:1099/node_0
2024-04-21 20:06:08 - Returning successor //localhost:1099/node_0
2024-04-21 20:06:08 - Found closest preceding finger //localhost:1099/node_0 for key 997048402
2024-04-21 20:06:08 - Found predecessor //localhost:1099/node_0 for key 997048402
2024-04-21 20:06:08 - Updated finger table entry 25 with //localhost:1099/node_0
2024-04-21 20:06:08 - Returning successor //localhost:1099/node_0
2024-04-21 20:06:08 - Found predecessor //localhost:1099/node_2 for key 963493970
2024-04-21 20:06:08 - Updated finger table entry 26 with //localhost:1099/node_2
2024-04-21 20:06:08 - Returning successor //localhost:1099/node_0
2024-04-21 20:06:08 - Found predecessor //localhost:1099/node_2 for key 896385106
2024-04-21 20:06:08 - Updated finger table entry 27 with //localhost:1099/node_2
2024-04-21 20:06:08 - Returning successor //localhost:1099/node_0
2024-04-21 20:06:08 - Found predecessor //localhost:1099/node_2 for key 762167378
2024-04-21 20:06:08 - Updated finger table entry 28 with //localhost:1099/node_2
2024-04-21 20:06:08 - Returning successor //localhost:1099/node_0
2024-04-21 20:06:08 - Found predecessor //localhost:1099/node_2 for key 493731922
2024-04-21 20:06:08 - Updated finger table entry 29 with //localhost:1099/node_2
2024-04-21 20:06:08 - Returning successor //localhost:1099/node_0
2024-04-21 20:06:08 - Found predecessor //localhost:1099/node_2 for key 2104344658
2024-04-21 20:06:08 - Updated finger table entry 30 with //localhost:1099/node_2
2024-04-21 20:06:08 - Updated finger tables of other nodes
2024-04-21 20:06:08 - Joined the Chord Ring
2024-04-21 20:06:08 - Returning successor //localhost:1099/node_0
2024-04-21 20:06:08 - Returning successor //localhost:1099/node_0
2024-04-21 20:06:08 - Updated finger table entry 0 with //localhost:1099/node_3
2024-04-21 20:06:08 - Returning successor //localhost:1099/node_3
2024-04-21 20:06:08 - Updated finger table entry 1 with //localhost:1099/node_3
2024-04-21 20:06:08 - Returning successor //localhost:1099/node_3
2024-04-21 20:06:08 - Updated finger table entry 2 with //localhost:1099/node_3
2024-04-21 20:06:08 - Returning successor //localhost:1099/node_3
2024-04-21 20:06:08 - Updated finger table entry 3 with //localhost:1099/node_3
2024-04-21 20:06:08 - Returning successor //localhost:1099/node_3
2024-04-21 20:06:08 - Updated finger table entry 4 with //localhost:1099/node_3
2024-04-21 20:06:08 - Returning successor //localhost:1099/node_3
2024-04-21 20:06:08 - Updated finger table entry 5 with //localhost:1099/node_3
2024-04-21 20:06:08 - Returning successor //localhost:1099/node_3
2024-04-21 20:06:08 - Updated finger table entry 6 with //localhost:1099/node_3
2024-04-21 20:06:08 - Returning successor //localhost:1099/node_3
2024-04-21 20:06:08 - Updated finger table entry 7 with //localhost:1099/node_3
2024-04-21 20:06:08 - Returning successor //localhost:1099/node_3
2024-04-21 20:06:08 - Updated finger table entry 8 with //localhost:1099/node_3
2024-04-21 20:06:08 - Returning successor //localhost:1099/node_3
2024-04-21 20:06:08 - Updated finger table entry 9 with //localhost:1099/node_3
2024-04-21 20:06:08 - Returning successor //localhost:1099/node_3
2024-04-21 20:06:08 - Updated finger table entry 10 with //localhost:1099/node_3
2024-04-21 20:06:08 - Returning successor //localhost:1099/node_3
2024-04-21 20:06:08 - Updated finger table entry 11 with //localhost:1099/node_3
2024-04-21 20:06:08 - Returning successor //localhost:1099/node_3
2024-04-21 20:06:08 - Updated finger table entry 12 with //localhost:1099/node_3
2024-04-21 20:06:08 - Returning successor //localhost:1099/node_3
2024-04-21 20:06:08 - Updated finger table entry 13 with //localhost:1099/node_3
2024-04-21 20:06:08 - Returning successor //localhost:1099/node_3
2024-04-21 20:06:08 - Updated finger table entry 14 with //localhost:1099/node_3
2024-04-21 20:06:08 - Returning successor //localhost:1099/node_3
2024-04-21 20:06:08 - Updated finger table entry 15 with //localhost:1099/node_3
2024-04-21 20:06:08 - Returning successor //localhost:1099/node_3
2024-04-21 20:06:08 - Updated finger table entry 16 with //localhost:1099/node_3
2024-04-21 20:06:08 - Returning successor //localhost:1099/node_3
2024-04-21 20:06:08 - Updated finger table entry 17 with //localhost:1099/node_3
2024-04-21 20:06:08 - Returning successor //localhost:1099/node_3
2024-04-21 20:06:08 - Updated finger table entry 18 with //localhost:1099/node_3
2024-04-21 20:06:08 - Returning successor //localhost:1099/node_3
2024-04-21 20:06:08 - Updated finger table entry 19 with //localhost:1099/node_3
2024-04-21 20:06:08 - Returning successor //localhost:1099/node_3
2024-04-21 20:06:08 - Updated finger table entry 20 with //localhost:1099/node_3
2024-04-21 20:06:08 - Returning successor //localhost:1099/node_3
2024-04-21 20:06:08 - Updated finger table entry 21 with //localhost:1099/node_3
2024-04-21 20:06:08 - Returning successor //localhost:1099/node_3
2024-04-21 20:06:08 - Updated finger table entry 22 with //localhost:1099/node_3
2024-04-21 20:06:08 - Returning successor //localhost:1099/node_3
2024-04-21 20:06:08 - Updated finger table entry 23 with //localhost:1099/node_3
2024-04-21 20:06:08 - Returning successor //localhost:1099/node_3
2024-04-21 20:06:08 - Updated finger table entry 24 with //localhost:1099/node_3
2024-04-21 20:06:08 - Returning successor //localhost:1099/node_3
2024-04-21 20:06:08 - Returning successor //localhost:1099/node_3
2024-04-21 20:06:08 - Found closest preceding finger //localhost:1099/node_3 for key 1064158072
2024-04-21 20:06:08 - Updated finger table entry 0 with //localhost:1099/node_3
2024-04-21 20:06:08 - Returning successor //localhost:1099/node_3
2024-04-21 20:06:08 - Returning successor //localhost:1099/node_3
2024-04-21 20:06:08 - Found closest preceding finger //localhost:1099/node_3 for key 1064158070
2024-04-21 20:06:08 - Updated finger table entry 1 with //localhost:1099/node_3
2024-04-21 20:06:08 - Returning successor //localhost:1099/node_3
2024-04-21 20:06:08 - Returning successor //localhost:1099/node_3
2024-04-21 20:06:08 - Found closest preceding finger //localhost:1099/node_3 for key 1064158068
2024-04-21 20:06:08 - Updated finger table entry 2 with //localhost:1099/node_3
2024-04-21 20:06:08 - Returning successor //localhost:1099/node_3
2024-04-21 20:06:08 - Returning successor //localhost:1099/node_3
2024-04-21 20:06:08 - Found closest preceding finger //localhost:1099/node_3 for key 1064158064
2024-04-21 20:06:08 - Updated finger table entry 3 with //localhost:1099/node_3
2024-04-21 20:06:08 - Returning successor //localhost:1099/node_3
2024-04-21 20:06:08 - Returning successor //localhost:1099/node_3
2024-04-21 20:06:08 - Found closest preceding finger //localhost:1099/node_3 for key 1064158056
2024-04-21 20:06:08 - Updated finger table entry 4 with //localhost:1099/node_3
2024-04-21 20:06:08 - Returning successor //localhost:1099/node_3
2024-04-21 20:06:08 - Returning successor //localhost:1099/node_3
2024-04-21 20:06:08 - Found closest preceding finger //localhost:1099/node_3 for key 1064158040
2024-04-21 20:06:08 - Updated finger table entry 5 with //localhost:1099/node_3
2024-04-21 20:06:08 - Returning successor //localhost:1099/node_3
2024-04-21 20:06:08 - Returning successor //localhost:1099/node_3
2024-04-21 20:06:08 - Found closest preceding finger //localhost:1099/node_3 for key 1064158008
2024-04-21 20:06:08 - Updated finger table entry 6 with //localhost:1099/node_3
2024-04-21 20:06:08 - Returning successor //localhost:1099/node_3
2024-04-21 20:06:08 - Returning successor //localhost:1099/node_3
2024-04-21 20:06:08 - Found closest preceding finger //localhost:1099/node_3 for key 1064157944
2024-04-21 20:06:08 - Updated finger table entry 7 with //localhost:1099/node_3
2024-04-21 20:06:08 - Returning successor //localhost:1099/node_3
2024-04-21 20:06:08 - Returning successor //localhost:1099/node_3
2024-04-21 20:06:08 - Found closest preceding finger //localhost:1099/node_3 for key 1064157816
2024-04-21 20:06:08 - Updated finger table entry 8 with //localhost:1099/node_3
2024-04-21 20:06:08 - Returning successor //localhost:1099/node_3
2024-04-21 20:06:08 - Returning successor //localhost:1099/node_3
2024-04-21 20:06:08 - Found closest preceding finger //localhost:1099/node_3 for key 1064157560
2024-04-21 20:06:08 - Updated finger table entry 9 with //localhost:1099/node_3
2024-04-21 20:06:08 - Returning successor //localhost:1099/node_3
2024-04-21 20:06:08 - Returning successor //localhost:1099/node_3
2024-04-21 20:06:08 - Found closest preceding finger //localhost:1099/node_3 for key 1064157048
2024-04-21 20:06:08 - Updated finger table entry 10 with //localhost:1099/node_3
2024-04-21 20:06:08 - Returning successor //localhost:1099/node_3
2024-04-21 20:06:08 - Returning successor //localhost:1099/node_3
2024-04-21 20:06:08 - Found closest preceding finger //localhost:1099/node_3 for key 1064156024
2024-04-21 20:06:08 - Updated finger table entry 11 with //localhost:1099/node_3
2024-04-21 20:06:08 - Returning successor //localhost:1099/node_3
2024-04-21 20:06:08 - Returning successor //localhost:1099/node_3
2024-04-21 20:06:08 - Found closest preceding finger //localhost:1099/node_3 for key 1064153976
2024-04-21 20:06:08 - Updated finger table entry 12 with //localhost:1099/node_3
2024-04-21 20:06:08 - Returning successor //localhost:1099/node_3
2024-04-21 20:06:08 - Returning successor //localhost:1099/node_3
2024-04-21 20:06:08 - Found closest preceding finger //localhost:1099/node_3 for key 1064149880
2024-04-21 20:06:08 - Updated finger table entry 13 with //localhost:1099/node_3
2024-04-21 20:06:08 - Returning successor //localhost:1099/node_3
2024-04-21 20:06:08 - Returning successor //localhost:1099/node_3
2024-04-21 20:06:08 - Found closest preceding finger //localhost:1099/node_3 for key 1064141688
2024-04-21 20:06:08 - Updated finger table entry 14 with //localhost:1099/node_3
2024-04-21 20:06:08 - Returning successor //localhost:1099/node_3
2024-04-21 20:06:08 - Returning successor //localhost:1099/node_3
2024-04-21 20:06:08 - Found closest preceding finger //localhost:1099/node_3 for key 1064125304
2024-04-21 20:06:08 - Updated finger table entry 15 with //localhost:1099/node_3
2024-04-21 20:06:08 - Returning successor //localhost:1099/node_3
2024-04-21 20:06:08 - Returning successor //localhost:1099/node_3
2024-04-21 20:06:09 - Found closest preceding finger //localhost:1099/node_3 for key 1064092536
2024-04-21 20:06:09 - Updated finger table entry 16 with //localhost:1099/node_3
2024-04-21 20:06:09 - Returning successor //localhost:1099/node_3
2024-04-21 20:06:09 - Returning successor //localhost:1099/node_3
2024-04-21 20:06:09 - Found closest preceding finger //localhost:1099/node_3 for key 1064027000
2024-04-21 20:06:09 - Updated finger table entry 17 with //localhost:1099/node_3
2024-04-21 20:06:09 - Returning successor //localhost:1099/node_3
2024-04-21 20:06:09 - Returning successor //localhost:1099/node_3
2024-04-21 20:06:09 - Found closest preceding finger //localhost:1099/node_3 for key 1063895928
2024-04-21 20:06:09 - Updated finger table entry 18 with //localhost:1099/node_3
2024-04-21 20:06:09 - Returning successor //localhost:1099/node_3
2024-04-21 20:06:09 - Returning successor //localhost:1099/node_3
2024-04-21 20:06:09 - Found closest preceding finger //localhost:1099/node_3 for key 1063633784
2024-04-21 20:06:09 - Updated finger table entry 19 with //localhost:1099/node_3
2024-04-21 20:06:09 - Returning successor //localhost:1099/node_3
2024-04-21 20:06:09 - Returning successor //localhost:1099/node_3
2024-04-21 20:06:09 - Found closest preceding finger //localhost:1099/node_3 for key 1063109496
2024-04-21 20:06:09 - Updated finger table entry 20 with //localhost:1099/node_3
2024-04-21 20:06:09 - Returning successor //localhost:1099/node_3
2024-04-21 20:06:09 - Returning successor //localhost:1099/node_3
2024-04-21 20:06:09 - Found closest preceding finger //localhost:1099/node_3 for key 1062060920
2024-04-21 20:06:09 - Updated finger table entry 21 with //localhost:1099/node_3
2024-04-21 20:06:09 - Returning successor //localhost:1099/node_3
2024-04-21 20:06:09 - Returning successor //localhost:1099/node_3
2024-04-21 20:06:09 - Found closest preceding finger //localhost:1099/node_3 for key 1059963768
2024-04-21 20:06:09 - Updated finger table entry 22 with //localhost:1099/node_3
2024-04-21 20:06:09 - Returning successor //localhost:1099/node_3
2024-04-21 20:06:09 - Returning successor //localhost:1099/node_3
2024-04-21 20:06:09 - Found closest preceding finger //localhost:1099/node_3 for key 1055769464
2024-04-21 20:06:09 - Updated finger table entry 23 with //localhost:1099/node_3
2024-04-21 20:06:09 - Returning successor //localhost:1099/node_3
2024-04-21 20:06:09 - Returning successor //localhost:1099/node_3
2024-04-21 20:06:09 - Found closest preceding finger //localhost:1099/node_3 for key 1047380856
2024-04-21 20:06:09 - Updated finger table entry 24 with //localhost:1099/node_3
2024-04-21 20:06:09 - Returning successor //localhost:1099/node_3
2024-04-21 20:06:09 - Updated finger table entry 25 with //localhost:1099/node_4
2024-04-21 20:06:09 - Returning successor //localhost:1099/node_3
2024-04-21 20:06:09 - Returning successor //localhost:1099/node_3
2024-04-21 20:06:09 - Found closest preceding finger //localhost:1099/node_3 for key 1047381259
2024-04-21 20:06:09 - Updated finger table entry 25 with //localhost:1099/node_3
2024-04-21 20:06:09 - Returning successor //localhost:1099/node_3
2024-04-21 20:06:09 - Updated finger table entry 26 with //localhost:1099/node_6
2024-04-21 20:06:10 - Returning successor //localhost:1099/node_3
2024-04-21 20:06:10 - Returning successor //localhost:1099/node_3
2024-04-21 20:06:10 - Found closest preceding finger //localhost:1099/node_3 for key 1047382065
2024-04-21 20:06:10 - Updated finger table entry 26 with //localhost:1099/node_3
2024-04-21 20:06:10 - Returning predecessor //localhost:1099/node_1
2024-04-21 20:06:10 - Printed finger table
2024-04-21 21:05:49 - Node shutdown completed
