2024-04-21 19:47:07 - Node created with URL: //localhost:1099/node_1
2024-04-21 19:47:28 - Returning successor //localhost:1099/node_0
2024-04-21 19:47:28 - Initialized finger table
2024-04-21 19:47:28 - Returning successor //localhost:1099/node_0
2024-04-21 19:47:28 - Returning successor //localhost:1099/node_0
2024-04-21 19:47:28 - Updated finger table entry 0 with //localhost:1099/node_0
2024-04-21 19:47:28 - Returning successor //localhost:1099/node_0
2024-04-21 19:47:28 - Returning successor //localhost:1099/node_0
2024-04-21 19:47:28 - Found closest preceding finger //localhost:1099/node_0 for key 1013825213
2024-04-21 19:47:28 - Found predecessor //localhost:1099/node_0 for key 1013825213
2024-04-21 19:47:28 - Updated finger table entry 1 with //localhost:1099/node_0
2024-04-21 19:47:28 - Returning successor //localhost:1099/node_0
2024-04-21 19:47:28 - Returning successor //localhost:1099/node_0
2024-04-21 19:47:28 - Found closest preceding finger //localhost:1099/node_0 for key 1013825211
2024-04-21 19:47:28 - Found predecessor //localhost:1099/node_0 for key 1013825211
2024-04-21 19:47:28 - Updated finger table entry 2 with //localhost:1099/node_0
2024-04-21 19:47:28 - Returning successor //localhost:1099/node_0
2024-04-21 19:47:28 - Returning successor //localhost:1099/node_0
2024-04-21 19:47:28 - Found closest preceding finger //localhost:1099/node_0 for key 1013825207
2024-04-21 19:47:28 - Found predecessor //localhost:1099/node_0 for key 1013825207
2024-04-21 19:47:28 - Updated finger table entry 3 with //localhost:1099/node_0
2024-04-21 19:47:28 - Returning successor //localhost:1099/node_0
2024-04-21 19:47:28 - Returning successor //localhost:1099/node_0
2024-04-21 19:47:28 - Found closest preceding finger //localhost:1099/node_0 for key 1013825199
2024-04-21 19:47:28 - Found predecessor //localhost:1099/node_0 for key 1013825199
2024-04-21 19:47:28 - Updated finger table entry 4 with //localhost:1099/node_0
2024-04-21 19:47:28 - Returning successor //localhost:1099/node_0
2024-04-21 19:47:28 - Returning successor //localhost:1099/node_0
2024-04-21 19:47:28 - Found closest preceding finger //localhost:1099/node_0 for key 1013825183
2024-04-21 19:47:28 - Found predecessor //localhost:1099/node_0 for key 1013825183
2024-04-21 19:47:28 - Updated finger table entry 5 with //localhost:1099/node_0
2024-04-21 19:47:28 - Returning successor //localhost:1099/node_0
2024-04-21 19:47:28 - Returning successor //localhost:1099/node_0
2024-04-21 19:47:28 - Found closest preceding finger //localhost:1099/node_0 for key 1013825151
2024-04-21 19:47:28 - Found predecessor //localhost:1099/node_0 for key 1013825151
2024-04-21 19:47:28 - Updated finger table entry 6 with //localhost:1099/node_0
2024-04-21 19:47:28 - Returning successor //localhost:1099/node_0
2024-04-21 19:47:28 - Returning successor //localhost:1099/node_0
2024-04-21 19:47:28 - Found closest preceding finger //localhost:1099/node_0 for key 1013825087
2024-04-21 19:47:28 - Found predecessor //localhost:1099/node_0 for key 1013825087
2024-04-21 19:47:28 - Updated finger table entry 7 with //localhost:1099/node_0
2024-04-21 19:47:28 - Returning successor //localhost:1099/node_0
2024-04-21 19:47:28 - Returning successor //localhost:1099/node_0
2024-04-21 19:47:28 - Found closest preceding finger //localhost:1099/node_0 for key 1013824959
2024-04-21 19:47:28 - Found predecessor //localhost:1099/node_0 for key 1013824959
2024-04-21 19:47:28 - Updated finger table entry 8 with //localhost:1099/node_0
2024-04-21 19:47:28 - Returning successor //localhost:1099/node_0
2024-04-21 19:47:28 - Returning successor //localhost:1099/node_0
2024-04-21 19:47:28 - Found closest preceding finger //localhost:1099/node_0 for key 1013824703
2024-04-21 19:47:28 - Found predecessor //localhost:1099/node_0 for key 1013824703
2024-04-21 19:47:28 - Updated finger table entry 9 with //localhost:1099/node_0
2024-04-21 19:47:28 - Returning successor //localhost:1099/node_0
2024-04-21 19:47:28 - Returning successor //localhost:1099/node_0
2024-04-21 19:47:28 - Found closest preceding finger //localhost:1099/node_0 for key 1013824191
2024-04-21 19:47:28 - Found predecessor //localhost:1099/node_0 for key 1013824191
2024-04-21 19:47:28 - Updated finger table entry 10 with //localhost:1099/node_0
2024-04-21 19:47:28 - Returning successor //localhost:1099/node_0
2024-04-21 19:47:28 - Returning successor //localhost:1099/node_0
2024-04-21 19:47:28 - Found closest preceding finger //localhost:1099/node_0 for key 1013823167
2024-04-21 19:47:28 - Found predecessor //localhost:1099/node_0 for key 1013823167
2024-04-21 19:47:28 - Updated finger table entry 11 with //localhost:1099/node_0
2024-04-21 19:47:28 - Returning successor //localhost:1099/node_0
2024-04-21 19:47:28 - Returning successor //localhost:1099/node_0
2024-04-21 19:47:28 - Found closest preceding finger //localhost:1099/node_0 for key 1013821119
2024-04-21 19:47:28 - Found predecessor //localhost:1099/node_0 for key 1013821119
2024-04-21 19:47:28 - Updated finger table entry 12 with //localhost:1099/node_0
2024-04-21 19:47:28 - Returning successor //localhost:1099/node_0
2024-04-21 19:47:28 - Returning successor //localhost:1099/node_0
2024-04-21 19:47:28 - Found closest preceding finger //localhost:1099/node_0 for key 1013817023
2024-04-21 19:47:28 - Found predecessor //localhost:1099/node_0 for key 1013817023
2024-04-21 19:47:28 - Updated finger table entry 13 with //localhost:1099/node_0
2024-04-21 19:47:28 - Returning successor //localhost:1099/node_0
2024-04-21 19:47:28 - Returning successor //localhost:1099/node_0
2024-04-21 19:47:28 - Found closest preceding finger //localhost:1099/node_0 for key 1013808831
2024-04-21 19:47:28 - Found predecessor //localhost:1099/node_0 for key 1013808831
2024-04-21 19:47:28 - Updated finger table entry 14 with //localhost:1099/node_0
2024-04-21 19:47:28 - Returning successor //localhost:1099/node_0
2024-04-21 19:47:28 - Returning successor //localhost:1099/node_0
2024-04-21 19:47:28 - Found closest preceding finger //localhost:1099/node_0 for key 1013792447
2024-04-21 19:47:28 - Found predecessor //localhost:1099/node_0 for key 1013792447
2024-04-21 19:47:28 - Updated finger table entry 15 with //localhost:1099/node_0
2024-04-21 19:47:29 - Returning successor //localhost:1099/node_0
2024-04-21 19:47:29 - Returning successor //localhost:1099/node_0
2024-04-21 19:47:29 - Found closest preceding finger //localhost:1099/node_0 for key 1013759679
2024-04-21 19:47:29 - Found predecessor //localhost:1099/node_0 for key 1013759679
2024-04-21 19:47:29 - Updated finger table entry 16 with //localhost:1099/node_0
2024-04-21 19:47:29 - Returning successor //localhost:1099/node_0
2024-04-21 19:47:29 - Returning successor //localhost:1099/node_0
2024-04-21 19:47:29 - Found closest preceding finger //localhost:1099/node_0 for key 1013694143
2024-04-21 19:47:29 - Found predecessor //localhost:1099/node_0 for key 1013694143
2024-04-21 19:47:29 - Updated finger table entry 17 with //localhost:1099/node_0
2024-04-21 19:47:29 - Returning successor //localhost:1099/node_0
2024-04-21 19:47:29 - Returning successor //localhost:1099/node_0
2024-04-21 19:47:29 - Found closest preceding finger //localhost:1099/node_0 for key 1013563071
2024-04-21 19:47:29 - Found predecessor //localhost:1099/node_0 for key 1013563071
2024-04-21 19:47:29 - Updated finger table entry 18 with //localhost:1099/node_0
2024-04-21 19:47:29 - Returning successor //localhost:1099/node_0
2024-04-21 19:47:29 - Returning successor //localhost:1099/node_0
2024-04-21 19:47:29 - Found closest preceding finger //localhost:1099/node_0 for key 1013300927
2024-04-21 19:47:29 - Found predecessor //localhost:1099/node_0 for key 1013300927
2024-04-21 19:47:29 - Updated finger table entry 19 with //localhost:1099/node_0
2024-04-21 19:47:29 - Returning successor //localhost:1099/node_0
2024-04-21 19:47:29 - Returning successor //localhost:1099/node_0
2024-04-21 19:47:29 - Found closest preceding finger //localhost:1099/node_0 for key 1012776639
2024-04-21 19:47:29 - Found predecessor //localhost:1099/node_0 for key 1012776639
2024-04-21 19:47:29 - Updated finger table entry 20 with //localhost:1099/node_0
2024-04-21 19:47:29 - Returning successor //localhost:1099/node_0
2024-04-21 19:47:29 - Returning successor //localhost:1099/node_0
2024-04-21 19:47:29 - Found closest preceding finger //localhost:1099/node_0 for key 1011728063
2024-04-21 19:47:29 - Found predecessor //localhost:1099/node_0 for key 1011728063
2024-04-21 19:47:29 - Updated finger table entry 21 with //localhost:1099/node_0
2024-04-21 19:47:29 - Returning successor //localhost:1099/node_0
2024-04-21 19:47:29 - Returning successor //localhost:1099/node_0
2024-04-21 19:47:29 - Found closest preceding finger //localhost:1099/node_0 for key 1009630911
2024-04-21 19:47:29 - Found predecessor //localhost:1099/node_0 for key 1009630911
2024-04-21 19:47:29 - Updated finger table entry 22 with //localhost:1099/node_0
2024-04-21 19:47:29 - Returning successor //localhost:1099/node_0
2024-04-21 19:47:29 - Returning successor //localhost:1099/node_0
2024-04-21 19:47:29 - Found closest preceding finger //localhost:1099/node_0 for key 1005436607
2024-04-21 19:47:29 - Found predecessor //localhost:1099/node_0 for key 1005436607
2024-04-21 19:47:29 - Updated finger table entry 23 with //localhost:1099/node_0
2024-04-21 19:47:29 - Returning successor //localhost:1099/node_0
2024-04-21 19:47:29 - Returning successor //localhost:1099/node_0
2024-04-21 19:47:29 - Found closest preceding finger //localhost:1099/node_0 for key 997047999
2024-04-21 19:47:29 - Found predecessor //localhost:1099/node_0 for key 997047999
2024-04-21 19:47:29 - Updated finger table entry 24 with //localhost:1099/node_0
2024-04-21 19:47:29 - Returning successor //localhost:1099/node_0
2024-04-21 19:47:29 - Found predecessor //localhost:1099/node_1 for key 980270783
2024-04-21 19:47:29 - Updated finger table entry 25 with //localhost:1099/node_1
2024-04-21 19:47:29 - Returning successor //localhost:1099/node_0
2024-04-21 19:47:29 - Found predecessor //localhost:1099/node_1 for key 946716351
2024-04-21 19:47:29 - Updated finger table entry 26 with //localhost:1099/node_1
2024-04-21 19:47:29 - Returning successor //localhost:1099/node_0
2024-04-21 19:47:29 - Found predecessor //localhost:1099/node_1 for key 879607487
2024-04-21 19:47:29 - Updated finger table entry 27 with //localhost:1099/node_1
2024-04-21 19:47:29 - Returning successor //localhost:1099/node_0
2024-04-21 19:47:29 - Found predecessor //localhost:1099/node_1 for key 745389759
2024-04-21 19:47:29 - Updated finger table entry 28 with //localhost:1099/node_1
2024-04-21 19:47:29 - Returning successor //localhost:1099/node_0
2024-04-21 19:47:29 - Found predecessor //localhost:1099/node_1 for key 476954303
2024-04-21 19:47:29 - Updated finger table entry 29 with //localhost:1099/node_1
2024-04-21 19:47:29 - Returning successor //localhost:1099/node_0
2024-04-21 19:47:29 - Found predecessor //localhost:1099/node_1 for key 2087567039
2024-04-21 19:47:29 - Updated finger table entry 30 with //localhost:1099/node_1
2024-04-21 19:47:29 - Updated finger tables of other nodes
2024-04-21 19:47:29 - Joined the Chord Ring
2024-04-21 19:47:29 - Returning successor //localhost:1099/node_0
2024-04-21 19:47:29 - Returning successor //localhost:1099/node_0
2024-04-21 19:47:29 - Updated finger table entry 0 with //localhost:1099/node_2
2024-04-21 19:47:29 - Returning successor //localhost:1099/node_2
2024-04-21 19:47:29 - Updated finger table entry 1 with //localhost:1099/node_2
2024-04-21 19:47:29 - Returning successor //localhost:1099/node_2
2024-04-21 19:47:29 - Updated finger table entry 2 with //localhost:1099/node_2
2024-04-21 19:47:29 - Returning successor //localhost:1099/node_2
2024-04-21 19:47:29 - Updated finger table entry 3 with //localhost:1099/node_2
2024-04-21 19:47:29 - Returning successor //localhost:1099/node_2
2024-04-21 19:47:29 - Updated finger table entry 4 with //localhost:1099/node_2
2024-04-21 19:47:29 - Returning successor //localhost:1099/node_2
2024-04-21 19:47:29 - Updated finger table entry 5 with //localhost:1099/node_2
2024-04-21 19:47:29 - Returning successor //localhost:1099/node_2
2024-04-21 19:47:29 - Updated finger table entry 6 with //localhost:1099/node_2
2024-04-21 19:47:29 - Returning successor //localhost:1099/node_2
2024-04-21 19:47:29 - Updated finger table entry 7 with //localhost:1099/node_2
2024-04-21 19:47:29 - Returning successor //localhost:1099/node_2
2024-04-21 19:47:29 - Updated finger table entry 8 with //localhost:1099/node_2
2024-04-21 19:47:29 - Returning successor //localhost:1099/node_2
2024-04-21 19:47:29 - Updated finger table entry 9 with //localhost:1099/node_2
2024-04-21 19:47:29 - Returning successor //localhost:1099/node_2
2024-04-21 19:47:29 - Updated finger table entry 10 with //localhost:1099/node_2
2024-04-21 19:47:29 - Returning successor //localhost:1099/node_2
2024-04-21 19:47:29 - Updated finger table entry 11 with //localhost:1099/node_2
2024-04-21 19:47:29 - Returning successor //localhost:1099/node_2
2024-04-21 19:47:29 - Updated finger table entry 12 with //localhost:1099/node_2
2024-04-21 19:47:29 - Returning successor //localhost:1099/node_2
2024-04-21 19:47:29 - Updated finger table entry 13 with //localhost:1099/node_2
2024-04-21 19:47:29 - Returning successor //localhost:1099/node_2
2024-04-21 19:47:29 - Updated finger table entry 14 with //localhost:1099/node_2
2024-04-21 19:47:29 - Returning successor //localhost:1099/node_2
2024-04-21 19:47:29 - Updated finger table entry 15 with //localhost:1099/node_2
2024-04-21 19:47:29 - Returning successor //localhost:1099/node_2
2024-04-21 19:47:29 - Updated finger table entry 16 with //localhost:1099/node_2
2024-04-21 19:47:29 - Returning successor //localhost:1099/node_2
2024-04-21 19:47:29 - Updated finger table entry 17 with //localhost:1099/node_2
2024-04-21 19:47:29 - Returning successor //localhost:1099/node_2
2024-04-21 19:47:29 - Updated finger table entry 18 with //localhost:1099/node_2
2024-04-21 19:47:29 - Returning successor //localhost:1099/node_2
2024-04-21 19:47:29 - Updated finger table entry 19 with //localhost:1099/node_2
2024-04-21 19:47:29 - Returning successor //localhost:1099/node_2
2024-04-21 19:47:29 - Updated finger table entry 20 with //localhost:1099/node_2
2024-04-21 19:47:29 - Returning successor //localhost:1099/node_2
2024-04-21 19:47:29 - Updated finger table entry 21 with //localhost:1099/node_2
2024-04-21 19:47:29 - Returning successor //localhost:1099/node_2
2024-04-21 19:47:29 - Updated finger table entry 22 with //localhost:1099/node_2
2024-04-21 19:47:29 - Returning successor //localhost:1099/node_2
2024-04-21 19:47:29 - Updated finger table entry 23 with //localhost:1099/node_2
2024-04-21 19:47:29 - Returning successor //localhost:1099/node_2
2024-04-21 19:47:29 - Updated finger table entry 24 with //localhost:1099/node_2
2024-04-21 19:47:29 - Updated finger table entry 0 with //localhost:1099/node_2
2024-04-21 19:47:29 - Updated finger table entry 1 with //localhost:1099/node_2
2024-04-21 19:47:29 - Updated finger table entry 2 with //localhost:1099/node_2
2024-04-21 19:47:29 - Updated finger table entry 3 with //localhost:1099/node_2
2024-04-21 19:47:29 - Updated finger table entry 4 with //localhost:1099/node_2
2024-04-21 19:47:29 - Updated finger table entry 5 with //localhost:1099/node_2
2024-04-21 19:47:29 - Updated finger table entry 6 with //localhost:1099/node_2
2024-04-21 19:47:29 - Updated finger table entry 7 with //localhost:1099/node_2
2024-04-21 19:47:29 - Updated finger table entry 8 with //localhost:1099/node_2
2024-04-21 19:47:29 - Updated finger table entry 9 with //localhost:1099/node_2
2024-04-21 19:47:29 - Updated finger table entry 10 with //localhost:1099/node_2
2024-04-21 19:47:29 - Updated finger table entry 11 with //localhost:1099/node_2
2024-04-21 19:47:29 - Updated finger table entry 12 with //localhost:1099/node_2
2024-04-21 19:47:29 - Updated finger table entry 13 with //localhost:1099/node_2
2024-04-21 19:47:29 - Updated finger table entry 14 with //localhost:1099/node_2
2024-04-21 19:47:29 - Updated finger table entry 15 with //localhost:1099/node_2
2024-04-21 19:47:29 - Updated finger table entry 16 with //localhost:1099/node_2
2024-04-21 19:47:29 - Updated finger table entry 17 with //localhost:1099/node_2
2024-04-21 19:47:29 - Updated finger table entry 18 with //localhost:1099/node_2
2024-04-21 19:47:29 - Updated finger table entry 19 with //localhost:1099/node_2
2024-04-21 19:47:29 - Updated finger table entry 20 with //localhost:1099/node_2
2024-04-21 19:47:29 - Updated finger table entry 21 with //localhost:1099/node_2
2024-04-21 19:47:29 - Updated finger table entry 22 with //localhost:1099/node_2
2024-04-21 19:47:29 - Updated finger table entry 23 with //localhost:1099/node_2
2024-04-21 19:47:29 - Updated finger table entry 24 with //localhost:1099/node_2
2024-04-21 19:47:29 - Returning successor //localhost:1099/node_2
2024-04-21 19:47:29 - Updated finger table entry 25 with //localhost:1099/node_3
2024-04-21 19:47:30 - Updated finger table entry 25 with //localhost:1099/node_2
2024-04-21 19:47:30 - Returning successor //localhost:1099/node_2
2024-04-21 19:47:30 - Updated finger table entry 26 with //localhost:1099/node_5
2024-04-21 19:47:30 - Updated finger table entry 26 with //localhost:1099/node_2
2024-04-21 19:47:31 - Returning predecessor //localhost:1099/node_0
2024-04-21 19:47:31 - Printed finger table
2024-04-21 19:47:31 - Node shutdown completed
2024-04-21 19:58:13 - Node created with URL: //localhost:1099/node_1
2024-04-21 20:02:54 - Node created with URL: //localhost:1099/node_1
2024-04-21 20:05:11 - Returning successor //localhost:1099/node_0
2024-04-21 20:05:11 - Initialized finger table
2024-04-21 20:05:11 - Returning successor //localhost:1099/node_0
2024-04-21 20:05:11 - Returning successor //localhost:1099/node_0
2024-04-21 20:05:11 - Updated finger table entry 0 with //localhost:1099/node_0
2024-04-21 20:05:11 - Returning successor //localhost:1099/node_0
2024-04-21 20:05:11 - Returning successor //localhost:1099/node_0
2024-04-21 20:05:11 - Found closest preceding finger //localhost:1099/node_0 for key 1013825213
2024-04-21 20:05:11 - Found predecessor //localhost:1099/node_0 for key 1013825213
2024-04-21 20:05:11 - Updated finger table entry 1 with //localhost:1099/node_0
2024-04-21 20:05:11 - Returning successor //localhost:1099/node_0
2024-04-21 20:05:11 - Returning successor //localhost:1099/node_0
2024-04-21 20:05:11 - Found closest preceding finger //localhost:1099/node_0 for key 1013825211
2024-04-21 20:05:11 - Found predecessor //localhost:1099/node_0 for key 1013825211
2024-04-21 20:05:11 - Updated finger table entry 2 with //localhost:1099/node_0
2024-04-21 20:05:11 - Returning successor //localhost:1099/node_0
2024-04-21 20:05:11 - Returning successor //localhost:1099/node_0
2024-04-21 20:05:11 - Found closest preceding finger //localhost:1099/node_0 for key 1013825207
2024-04-21 20:05:11 - Found predecessor //localhost:1099/node_0 for key 1013825207
2024-04-21 20:05:11 - Updated finger table entry 3 with //localhost:1099/node_0
2024-04-21 20:05:11 - Returning successor //localhost:1099/node_0
2024-04-21 20:05:11 - Returning successor //localhost:1099/node_0
2024-04-21 20:05:11 - Found closest preceding finger //localhost:1099/node_0 for key 1013825199
2024-04-21 20:05:11 - Found predecessor //localhost:1099/node_0 for key 1013825199
2024-04-21 20:05:11 - Updated finger table entry 4 with //localhost:1099/node_0
2024-04-21 20:05:11 - Returning successor //localhost:1099/node_0
2024-04-21 20:05:11 - Returning successor //localhost:1099/node_0
2024-04-21 20:05:11 - Found closest preceding finger //localhost:1099/node_0 for key 1013825183
2024-04-21 20:05:11 - Found predecessor //localhost:1099/node_0 for key 1013825183
2024-04-21 20:05:11 - Updated finger table entry 5 with //localhost:1099/node_0
2024-04-21 20:05:11 - Returning successor //localhost:1099/node_0
2024-04-21 20:05:11 - Returning successor //localhost:1099/node_0
2024-04-21 20:05:11 - Found closest preceding finger //localhost:1099/node_0 for key 1013825151
2024-04-21 20:05:11 - Found predecessor //localhost:1099/node_0 for key 1013825151
2024-04-21 20:05:11 - Updated finger table entry 6 with //localhost:1099/node_0
2024-04-21 20:05:11 - Returning successor //localhost:1099/node_0
2024-04-21 20:05:11 - Returning successor //localhost:1099/node_0
2024-04-21 20:05:11 - Found closest preceding finger //localhost:1099/node_0 for key 1013825087
2024-04-21 20:05:11 - Found predecessor //localhost:1099/node_0 for key 1013825087
2024-04-21 20:05:11 - Updated finger table entry 7 with //localhost:1099/node_0
2024-04-21 20:05:11 - Returning successor //localhost:1099/node_0
2024-04-21 20:05:11 - Returning successor //localhost:1099/node_0
2024-04-21 20:05:11 - Found closest preceding finger //localhost:1099/node_0 for key 1013824959
2024-04-21 20:05:11 - Found predecessor //localhost:1099/node_0 for key 1013824959
2024-04-21 20:05:11 - Updated finger table entry 8 with //localhost:1099/node_0
2024-04-21 20:05:11 - Returning successor //localhost:1099/node_0
2024-04-21 20:05:11 - Returning successor //localhost:1099/node_0
2024-04-21 20:05:11 - Found closest preceding finger //localhost:1099/node_0 for key 1013824703
2024-04-21 20:05:11 - Found predecessor //localhost:1099/node_0 for key 1013824703
2024-04-21 20:05:11 - Updated finger table entry 9 with //localhost:1099/node_0
2024-04-21 20:05:11 - Returning successor //localhost:1099/node_0
2024-04-21 20:05:11 - Returning successor //localhost:1099/node_0
2024-04-21 20:05:11 - Found closest preceding finger //localhost:1099/node_0 for key 1013824191
2024-04-21 20:05:11 - Found predecessor //localhost:1099/node_0 for key 1013824191
2024-04-21 20:05:11 - Updated finger table entry 10 with //localhost:1099/node_0
2024-04-21 20:05:11 - Returning successor //localhost:1099/node_0
2024-04-21 20:05:11 - Returning successor //localhost:1099/node_0
2024-04-21 20:05:11 - Found closest preceding finger //localhost:1099/node_0 for key 1013823167
2024-04-21 20:05:11 - Found predecessor //localhost:1099/node_0 for key 1013823167
2024-04-21 20:05:11 - Updated finger table entry 11 with //localhost:1099/node_0
2024-04-21 20:05:11 - Returning successor //localhost:1099/node_0
2024-04-21 20:05:11 - Returning successor //localhost:1099/node_0
2024-04-21 20:05:11 - Found closest preceding finger //localhost:1099/node_0 for key 1013821119
2024-04-21 20:05:11 - Found predecessor //localhost:1099/node_0 for key 1013821119
2024-04-21 20:05:11 - Updated finger table entry 12 with //localhost:1099/node_0
2024-04-21 20:05:11 - Returning successor //localhost:1099/node_0
2024-04-21 20:05:11 - Returning successor //localhost:1099/node_0
2024-04-21 20:05:11 - Found closest preceding finger //localhost:1099/node_0 for key 1013817023
2024-04-21 20:05:11 - Found predecessor //localhost:1099/node_0 for key 1013817023
2024-04-21 20:05:11 - Updated finger table entry 13 with //localhost:1099/node_0
2024-04-21 20:05:11 - Returning successor //localhost:1099/node_0
2024-04-21 20:05:11 - Returning successor //localhost:1099/node_0
2024-04-21 20:05:11 - Found closest preceding finger //localhost:1099/node_0 for key 1013808831
2024-04-21 20:05:11 - Found predecessor //localhost:1099/node_0 for key 1013808831
2024-04-21 20:05:11 - Updated finger table entry 14 with //localhost:1099/node_0
2024-04-21 20:05:11 - Returning successor //localhost:1099/node_0
2024-04-21 20:05:11 - Returning successor //localhost:1099/node_0
2024-04-21 20:05:11 - Found closest preceding finger //localhost:1099/node_0 for key 1013792447
2024-04-21 20:05:11 - Found predecessor //localhost:1099/node_0 for key 1013792447
2024-04-21 20:05:11 - Updated finger table entry 15 with //localhost:1099/node_0
2024-04-21 20:05:11 - Returning successor //localhost:1099/node_0
2024-04-21 20:05:11 - Returning successor //localhost:1099/node_0
2024-04-21 20:05:11 - Found closest preceding finger //localhost:1099/node_0 for key 1013759679
2024-04-21 20:05:11 - Found predecessor //localhost:1099/node_0 for key 1013759679
2024-04-21 20:05:11 - Updated finger table entry 16 with //localhost:1099/node_0
2024-04-21 20:05:11 - Returning successor //localhost:1099/node_0
2024-04-21 20:05:11 - Returning successor //localhost:1099/node_0
2024-04-21 20:05:11 - Found closest preceding finger //localhost:1099/node_0 for key 1013694143
2024-04-21 20:05:11 - Found predecessor //localhost:1099/node_0 for key 1013694143
2024-04-21 20:05:11 - Updated finger table entry 17 with //localhost:1099/node_0
2024-04-21 20:05:11 - Returning successor //localhost:1099/node_0
2024-04-21 20:05:11 - Returning successor //localhost:1099/node_0
2024-04-21 20:05:11 - Found closest preceding finger //localhost:1099/node_0 for key 1013563071
2024-04-21 20:05:11 - Found predecessor //localhost:1099/node_0 for key 1013563071
2024-04-21 20:05:11 - Updated finger table entry 18 with //localhost:1099/node_0
2024-04-21 20:05:11 - Returning successor //localhost:1099/node_0
2024-04-21 20:05:11 - Returning successor //localhost:1099/node_0
2024-04-21 20:05:11 - Found closest preceding finger //localhost:1099/node_0 for key 1013300927
2024-04-21 20:05:11 - Found predecessor //localhost:1099/node_0 for key 1013300927
2024-04-21 20:05:11 - Updated finger table entry 19 with //localhost:1099/node_0
2024-04-21 20:05:11 - Returning successor //localhost:1099/node_0
2024-04-21 20:05:11 - Returning successor //localhost:1099/node_0
2024-04-21 20:05:11 - Found closest preceding finger //localhost:1099/node_0 for key 1012776639
2024-04-21 20:05:11 - Found predecessor //localhost:1099/node_0 for key 1012776639
2024-04-21 20:05:11 - Updated finger table entry 20 with //localhost:1099/node_0
2024-04-21 20:05:11 - Returning successor //localhost:1099/node_0
2024-04-21 20:05:11 - Returning successor //localhost:1099/node_0
2024-04-21 20:05:11 - Found closest preceding finger //localhost:1099/node_0 for key 1011728063
2024-04-21 20:05:11 - Found predecessor //localhost:1099/node_0 for key 1011728063
2024-04-21 20:05:11 - Updated finger table entry 21 with //localhost:1099/node_0
2024-04-21 20:05:11 - Returning successor //localhost:1099/node_0
2024-04-21 20:05:11 - Returning successor //localhost:1099/node_0
2024-04-21 20:05:11 - Found closest preceding finger //localhost:1099/node_0 for key 1009630911
2024-04-21 20:05:11 - Found predecessor //localhost:1099/node_0 for key 1009630911
2024-04-21 20:05:11 - Updated finger table entry 22 with //localhost:1099/node_0
2024-04-21 20:05:11 - Returning successor //localhost:1099/node_0
2024-04-21 20:05:11 - Returning successor //localhost:1099/node_0
2024-04-21 20:05:11 - Found closest preceding finger //localhost:1099/node_0 for key 1005436607
2024-04-21 20:05:11 - Found predecessor //localhost:1099/node_0 for key 1005436607
2024-04-21 20:05:11 - Updated finger table entry 23 with //localhost:1099/node_0
2024-04-21 20:05:11 - Returning successor //localhost:1099/node_0
2024-04-21 20:05:11 - Returning successor //localhost:1099/node_0
2024-04-21 20:05:11 - Found closest preceding finger //localhost:1099/node_0 for key 997047999
2024-04-21 20:05:11 - Found predecessor //localhost:1099/node_0 for key 997047999
2024-04-21 20:05:11 - Updated finger table entry 24 with //localhost:1099/node_0
2024-04-21 20:05:11 - Returning successor //localhost:1099/node_0
2024-04-21 20:05:11 - Found predecessor //localhost:1099/node_1 for key 980270783
2024-04-21 20:05:11 - Updated finger table entry 25 with //localhost:1099/node_1
2024-04-21 20:05:11 - Returning successor //localhost:1099/node_0
2024-04-21 20:05:11 - Found predecessor //localhost:1099/node_1 for key 946716351
2024-04-21 20:05:11 - Updated finger table entry 26 with //localhost:1099/node_1
2024-04-21 20:05:11 - Returning successor //localhost:1099/node_0
2024-04-21 20:05:11 - Found predecessor //localhost:1099/node_1 for key 879607487
2024-04-21 20:05:11 - Updated finger table entry 27 with //localhost:1099/node_1
2024-04-21 20:05:11 - Returning successor //localhost:1099/node_0
2024-04-21 20:05:11 - Found predecessor //localhost:1099/node_1 for key 745389759
2024-04-21 20:05:11 - Updated finger table entry 28 with //localhost:1099/node_1
2024-04-21 20:05:11 - Returning successor //localhost:1099/node_0
2024-04-21 20:05:11 - Found predecessor //localhost:1099/node_1 for key 476954303
2024-04-21 20:05:11 - Updated finger table entry 29 with //localhost:1099/node_1
2024-04-21 20:05:11 - Returning successor //localhost:1099/node_0
2024-04-21 20:05:11 - Found predecessor //localhost:1099/node_1 for key 2087567039
2024-04-21 20:05:11 - Updated finger table entry 30 with //localhost:1099/node_1
2024-04-21 20:05:11 - Updated finger tables of other nodes
2024-04-21 20:05:11 - Joined the Chord Ring
2024-04-21 20:05:11 - Returning successor //localhost:1099/node_0
2024-04-21 20:05:11 - Returning successor //localhost:1099/node_0
2024-04-21 20:05:11 - Updated finger table entry 0 with //localhost:1099/node_2
2024-04-21 20:05:11 - Returning successor //localhost:1099/node_2
2024-04-21 20:05:11 - Updated finger table entry 1 with //localhost:1099/node_2
2024-04-21 20:05:11 - Returning successor //localhost:1099/node_2
2024-04-21 20:05:11 - Updated finger table entry 2 with //localhost:1099/node_2
2024-04-21 20:05:11 - Returning successor //localhost:1099/node_2
2024-04-21 20:05:11 - Updated finger table entry 3 with //localhost:1099/node_2
2024-04-21 20:05:11 - Returning successor //localhost:1099/node_2
2024-04-21 20:05:11 - Updated finger table entry 4 with //localhost:1099/node_2
2024-04-21 20:05:11 - Returning successor //localhost:1099/node_2
2024-04-21 20:05:11 - Updated finger table entry 5 with //localhost:1099/node_2
2024-04-21 20:05:11 - Returning successor //localhost:1099/node_2
2024-04-21 20:05:11 - Updated finger table entry 6 with //localhost:1099/node_2
2024-04-21 20:05:11 - Returning successor //localhost:1099/node_2
2024-04-21 20:05:11 - Updated finger table entry 7 with //localhost:1099/node_2
2024-04-21 20:05:11 - Returning successor //localhost:1099/node_2
2024-04-21 20:05:11 - Updated finger table entry 8 with //localhost:1099/node_2
2024-04-21 20:05:11 - Returning successor //localhost:1099/node_2
2024-04-21 20:05:11 - Updated finger table entry 9 with //localhost:1099/node_2
2024-04-21 20:05:11 - Returning successor //localhost:1099/node_2
2024-04-21 20:05:11 - Updated finger table entry 10 with //localhost:1099/node_2
2024-04-21 20:05:11 - Returning successor //localhost:1099/node_2
2024-04-21 20:05:11 - Updated finger table entry 11 with //localhost:1099/node_2
2024-04-21 20:05:11 - Returning successor //localhost:1099/node_2
2024-04-21 20:05:11 - Updated finger table entry 12 with //localhost:1099/node_2
2024-04-21 20:05:11 - Returning successor //localhost:1099/node_2
2024-04-21 20:05:11 - Updated finger table entry 13 with //localhost:1099/node_2
2024-04-21 20:05:11 - Returning successor //localhost:1099/node_2
2024-04-21 20:05:11 - Updated finger table entry 14 with //localhost:1099/node_2
2024-04-21 20:05:11 - Returning successor //localhost:1099/node_2
2024-04-21 20:05:11 - Updated finger table entry 15 with //localhost:1099/node_2
2024-04-21 20:05:11 - Returning successor //localhost:1099/node_2
2024-04-21 20:05:11 - Updated finger table entry 16 with //localhost:1099/node_2
2024-04-21 20:05:11 - Returning successor //localhost:1099/node_2
2024-04-21 20:05:11 - Updated finger table entry 17 with //localhost:1099/node_2
2024-04-21 20:05:11 - Returning successor //localhost:1099/node_2
2024-04-21 20:05:11 - Updated finger table entry 18 with //localhost:1099/node_2
2024-04-21 20:05:11 - Returning successor //localhost:1099/node_2
2024-04-21 20:05:11 - Updated finger table entry 19 with //localhost:1099/node_2
2024-04-21 20:05:11 - Returning successor //localhost:1099/node_2
2024-04-21 20:05:11 - Updated finger table entry 20 with //localhost:1099/node_2
2024-04-21 20:05:11 - Returning successor //localhost:1099/node_2
2024-04-21 20:05:11 - Updated finger table entry 21 with //localhost:1099/node_2
2024-04-21 20:05:11 - Returning successor //localhost:1099/node_2
2024-04-21 20:05:11 - Updated finger table entry 22 with //localhost:1099/node_2
2024-04-21 20:05:11 - Returning successor //localhost:1099/node_2
2024-04-21 20:05:11 - Updated finger table entry 23 with //localhost:1099/node_2
2024-04-21 20:05:11 - Returning successor //localhost:1099/node_2
2024-04-21 20:05:11 - Updated finger table entry 24 with //localhost:1099/node_2
2024-04-21 20:05:11 - Updated finger table entry 0 with //localhost:1099/node_2
2024-04-21 20:05:11 - Updated finger table entry 1 with //localhost:1099/node_2
2024-04-21 20:05:11 - Updated finger table entry 2 with //localhost:1099/node_2
2024-04-21 20:05:11 - Updated finger table entry 3 with //localhost:1099/node_2
2024-04-21 20:05:11 - Updated finger table entry 4 with //localhost:1099/node_2
2024-04-21 20:05:11 - Updated finger table entry 5 with //localhost:1099/node_2
2024-04-21 20:05:11 - Updated finger table entry 6 with //localhost:1099/node_2
2024-04-21 20:05:11 - Updated finger table entry 7 with //localhost:1099/node_2
2024-04-21 20:05:11 - Updated finger table entry 8 with //localhost:1099/node_2
2024-04-21 20:05:11 - Updated finger table entry 9 with //localhost:1099/node_2
2024-04-21 20:05:11 - Updated finger table entry 10 with //localhost:1099/node_2
2024-04-21 20:05:11 - Updated finger table entry 11 with //localhost:1099/node_2
2024-04-21 20:05:11 - Updated finger table entry 12 with //localhost:1099/node_2
2024-04-21 20:05:11 - Updated finger table entry 13 with //localhost:1099/node_2
2024-04-21 20:05:11 - Updated finger table entry 14 with //localhost:1099/node_2
2024-04-21 20:05:11 - Updated finger table entry 15 with //localhost:1099/node_2
2024-04-21 20:05:11 - Updated finger table entry 16 with //localhost:1099/node_2
2024-04-21 20:05:11 - Updated finger table entry 17 with //localhost:1099/node_2
2024-04-21 20:05:11 - Updated finger table entry 18 with //localhost:1099/node_2
2024-04-21 20:05:11 - Updated finger table entry 19 with //localhost:1099/node_2
2024-04-21 20:05:11 - Updated finger table entry 20 with //localhost:1099/node_2
2024-04-21 20:05:11 - Updated finger table entry 21 with //localhost:1099/node_2
2024-04-21 20:05:11 - Updated finger table entry 22 with //localhost:1099/node_2
2024-04-21 20:05:11 - Updated finger table entry 23 with //localhost:1099/node_2
2024-04-21 20:05:11 - Updated finger table entry 24 with //localhost:1099/node_2
2024-04-21 20:05:11 - Returning successor //localhost:1099/node_2
2024-04-21 20:05:11 - Updated finger table entry 25 with //localhost:1099/node_3
2024-04-21 20:05:12 - Updated finger table entry 25 with //localhost:1099/node_2
2024-04-21 20:05:12 - Returning successor //localhost:1099/node_2
2024-04-21 20:05:12 - Updated finger table entry 26 with //localhost:1099/node_5
2024-04-21 20:05:12 - Updated finger table entry 26 with //localhost:1099/node_2
2024-04-21 20:05:13 - Returning predecessor //localhost:1099/node_0
2024-04-21 20:05:13 - Printed finger table
2024-04-21 20:05:13 - Node shutdown completed
2024-04-21 20:05:47 - Node created with URL: //localhost:1099/node_1
2024-04-21 20:06:07 - Returning successor //localhost:1099/node_0
2024-04-21 20:06:07 - Initialized finger table
2024-04-21 20:06:07 - Returning successor //localhost:1099/node_0
2024-04-21 20:06:07 - Returning successor //localhost:1099/node_0
2024-04-21 20:06:07 - Updated finger table entry 0 with //localhost:1099/node_0
2024-04-21 20:06:07 - Returning successor //localhost:1099/node_0
2024-04-21 20:06:07 - Returning successor //localhost:1099/node_0
2024-04-21 20:06:07 - Found closest preceding finger //localhost:1099/node_0 for key 1013825213
2024-04-21 20:06:07 - Found predecessor //localhost:1099/node_0 for key 1013825213
2024-04-21 20:06:07 - Updated finger table entry 1 with //localhost:1099/node_0
2024-04-21 20:06:07 - Returning successor //localhost:1099/node_0
2024-04-21 20:06:07 - Returning successor //localhost:1099/node_0
2024-04-21 20:06:07 - Found closest preceding finger //localhost:1099/node_0 for key 1013825211
2024-04-21 20:06:07 - Found predecessor //localhost:1099/node_0 for key 1013825211
2024-04-21 20:06:07 - Updated finger table entry 2 with //localhost:1099/node_0
2024-04-21 20:06:07 - Returning successor //localhost:1099/node_0
2024-04-21 20:06:07 - Returning successor //localhost:1099/node_0
2024-04-21 20:06:08 - Found closest preceding finger //localhost:1099/node_0 for key 1013825207
2024-04-21 20:06:08 - Found predecessor //localhost:1099/node_0 for key 1013825207
2024-04-21 20:06:08 - Updated finger table entry 3 with //localhost:1099/node_0
2024-04-21 20:06:08 - Returning successor //localhost:1099/node_0
2024-04-21 20:06:08 - Returning successor //localhost:1099/node_0
2024-04-21 20:06:08 - Found closest preceding finger //localhost:1099/node_0 for key 1013825199
2024-04-21 20:06:08 - Found predecessor //localhost:1099/node_0 for key 1013825199
2024-04-21 20:06:08 - Updated finger table entry 4 with //localhost:1099/node_0
2024-04-21 20:06:08 - Returning successor //localhost:1099/node_0
2024-04-21 20:06:08 - Returning successor //localhost:1099/node_0
2024-04-21 20:06:08 - Found closest preceding finger //localhost:1099/node_0 for key 1013825183
2024-04-21 20:06:08 - Found predecessor //localhost:1099/node_0 for key 1013825183
2024-04-21 20:06:08 - Updated finger table entry 5 with //localhost:1099/node_0
2024-04-21 20:06:08 - Returning successor //localhost:1099/node_0
2024-04-21 20:06:08 - Returning successor //localhost:1099/node_0
2024-04-21 20:06:08 - Found closest preceding finger //localhost:1099/node_0 for key 1013825151
2024-04-21 20:06:08 - Found predecessor //localhost:1099/node_0 for key 1013825151
2024-04-21 20:06:08 - Updated finger table entry 6 with //localhost:1099/node_0
2024-04-21 20:06:08 - Returning successor //localhost:1099/node_0
2024-04-21 20:06:08 - Returning successor //localhost:1099/node_0
2024-04-21 20:06:08 - Found closest preceding finger //localhost:1099/node_0 for key 1013825087
2024-04-21 20:06:08 - Found predecessor //localhost:1099/node_0 for key 1013825087
2024-04-21 20:06:08 - Updated finger table entry 7 with //localhost:1099/node_0
2024-04-21 20:06:08 - Returning successor //localhost:1099/node_0
2024-04-21 20:06:08 - Returning successor //localhost:1099/node_0
2024-04-21 20:06:08 - Found closest preceding finger //localhost:1099/node_0 for key 1013824959
2024-04-21 20:06:08 - Found predecessor //localhost:1099/node_0 for key 1013824959
2024-04-21 20:06:08 - Updated finger table entry 8 with //localhost:1099/node_0
2024-04-21 20:06:08 - Returning successor //localhost:1099/node_0
2024-04-21 20:06:08 - Returning successor //localhost:1099/node_0
2024-04-21 20:06:08 - Found closest preceding finger //localhost:1099/node_0 for key 1013824703
2024-04-21 20:06:08 - Found predecessor //localhost:1099/node_0 for key 1013824703
2024-04-21 20:06:08 - Updated finger table entry 9 with //localhost:1099/node_0
2024-04-21 20:06:08 - Returning successor //localhost:1099/node_0
2024-04-21 20:06:08 - Returning successor //localhost:1099/node_0
2024-04-21 20:06:08 - Found closest preceding finger //localhost:1099/node_0 for key 1013824191
2024-04-21 20:06:08 - Found predecessor //localhost:1099/node_0 for key 1013824191
2024-04-21 20:06:08 - Updated finger table entry 10 with //localhost:1099/node_0
2024-04-21 20:06:08 - Returning successor //localhost:1099/node_0
2024-04-21 20:06:08 - Returning successor //localhost:1099/node_0
2024-04-21 20:06:08 - Found closest preceding finger //localhost:1099/node_0 for key 1013823167
2024-04-21 20:06:08 - Found predecessor //localhost:1099/node_0 for key 1013823167
2024-04-21 20:06:08 - Updated finger table entry 11 with //localhost:1099/node_0
2024-04-21 20:06:08 - Returning successor //localhost:1099/node_0
2024-04-21 20:06:08 - Returning successor //localhost:1099/node_0
2024-04-21 20:06:08 - Found closest preceding finger //localhost:1099/node_0 for key 1013821119
2024-04-21 20:06:08 - Found predecessor //localhost:1099/node_0 for key 1013821119
2024-04-21 20:06:08 - Updated finger table entry 12 with //localhost:1099/node_0
2024-04-21 20:06:08 - Returning successor //localhost:1099/node_0
2024-04-21 20:06:08 - Returning successor //localhost:1099/node_0
2024-04-21 20:06:08 - Found closest preceding finger //localhost:1099/node_0 for key 1013817023
2024-04-21 20:06:08 - Found predecessor //localhost:1099/node_0 for key 1013817023
2024-04-21 20:06:08 - Updated finger table entry 13 with //localhost:1099/node_0
2024-04-21 20:06:08 - Returning successor //localhost:1099/node_0
2024-04-21 20:06:08 - Returning successor //localhost:1099/node_0
2024-04-21 20:06:08 - Found closest preceding finger //localhost:1099/node_0 for key 1013808831
2024-04-21 20:06:08 - Found predecessor //localhost:1099/node_0 for key 1013808831
2024-04-21 20:06:08 - Updated finger table entry 14 with //localhost:1099/node_0
2024-04-21 20:06:08 - Returning successor //localhost:1099/node_0
2024-04-21 20:06:08 - Returning successor //localhost:1099/node_0
2024-04-21 20:06:08 - Found closest preceding finger //localhost:1099/node_0 for key 1013792447
2024-04-21 20:06:08 - Found predecessor //localhost:1099/node_0 for key 1013792447
2024-04-21 20:06:08 - Updated finger table entry 15 with //localhost:1099/node_0
2024-04-21 20:06:08 - Returning successor //localhost:1099/node_0
2024-04-21 20:06:08 - Returning successor //localhost:1099/node_0
2024-04-21 20:06:08 - Found closest preceding finger //localhost:1099/node_0 for key 1013759679
2024-04-21 20:06:08 - Found predecessor //localhost:1099/node_0 for key 1013759679
2024-04-21 20:06:08 - Updated finger table entry 16 with //localhost:1099/node_0
2024-04-21 20:06:08 - Returning successor //localhost:1099/node_0
2024-04-21 20:06:08 - Returning successor //localhost:1099/node_0
2024-04-21 20:06:08 - Found closest preceding finger //localhost:1099/node_0 for key 1013694143
2024-04-21 20:06:08 - Found predecessor //localhost:1099/node_0 for key 1013694143
2024-04-21 20:06:08 - Updated finger table entry 17 with //localhost:1099/node_0
2024-04-21 20:06:08 - Returning successor //localhost:1099/node_0
2024-04-21 20:06:08 - Returning successor //localhost:1099/node_0
2024-04-21 20:06:08 - Found closest preceding finger //localhost:1099/node_0 for key 1013563071
2024-04-21 20:06:08 - Found predecessor //localhost:1099/node_0 for key 1013563071
2024-04-21 20:06:08 - Updated finger table entry 18 with //localhost:1099/node_0
2024-04-21 20:06:08 - Returning successor //localhost:1099/node_0
2024-04-21 20:06:08 - Returning successor //localhost:1099/node_0
2024-04-21 20:06:08 - Found closest preceding finger //localhost:1099/node_0 for key 1013300927
2024-04-21 20:06:08 - Found predecessor //localhost:1099/node_0 for key 1013300927
2024-04-21 20:06:08 - Updated finger table entry 19 with //localhost:1099/node_0
2024-04-21 20:06:08 - Returning successor //localhost:1099/node_0
2024-04-21 20:06:08 - Returning successor //localhost:1099/node_0
2024-04-21 20:06:08 - Found closest preceding finger //localhost:1099/node_0 for key 1012776639
2024-04-21 20:06:08 - Found predecessor //localhost:1099/node_0 for key 1012776639
2024-04-21 20:06:08 - Updated finger table entry 20 with //localhost:1099/node_0
2024-04-21 20:06:08 - Returning successor //localhost:1099/node_0
2024-04-21 20:06:08 - Returning successor //localhost:1099/node_0
2024-04-21 20:06:08 - Found closest preceding finger //localhost:1099/node_0 for key 1011728063
2024-04-21 20:06:08 - Found predecessor //localhost:1099/node_0 for key 1011728063
2024-04-21 20:06:08 - Updated finger table entry 21 with //localhost:1099/node_0
2024-04-21 20:06:08 - Returning successor //localhost:1099/node_0
2024-04-21 20:06:08 - Returning successor //localhost:1099/node_0
2024-04-21 20:06:08 - Found closest preceding finger //localhost:1099/node_0 for key 1009630911
2024-04-21 20:06:08 - Found predecessor //localhost:1099/node_0 for key 1009630911
2024-04-21 20:06:08 - Updated finger table entry 22 with //localhost:1099/node_0
2024-04-21 20:06:08 - Returning successor //localhost:1099/node_0
2024-04-21 20:06:08 - Returning successor //localhost:1099/node_0
2024-04-21 20:06:08 - Found closest preceding finger //localhost:1099/node_0 for key 1005436607
2024-04-21 20:06:08 - Found predecessor //localhost:1099/node_0 for key 1005436607
2024-04-21 20:06:08 - Updated finger table entry 23 with //localhost:1099/node_0
2024-04-21 20:06:08 - Returning successor //localhost:1099/node_0
2024-04-21 20:06:08 - Returning successor //localhost:1099/node_0
2024-04-21 20:06:08 - Found closest preceding finger //localhost:1099/node_0 for key 997047999
2024-04-21 20:06:08 - Found predecessor //localhost:1099/node_0 for key 997047999
2024-04-21 20:06:08 - Updated finger table entry 24 with //localhost:1099/node_0
2024-04-21 20:06:08 - Returning successor //localhost:1099/node_0
2024-04-21 20:06:08 - Found predecessor //localhost:1099/node_1 for key 980270783
2024-04-21 20:06:08 - Updated finger table entry 25 with //localhost:1099/node_1
2024-04-21 20:06:08 - Returning successor //localhost:1099/node_0
2024-04-21 20:06:08 - Found predecessor //localhost:1099/node_1 for key 946716351
2024-04-21 20:06:08 - Updated finger table entry 26 with //localhost:1099/node_1
2024-04-21 20:06:08 - Returning successor //localhost:1099/node_0
2024-04-21 20:06:08 - Found predecessor //localhost:1099/node_1 for key 879607487
2024-04-21 20:06:08 - Updated finger table entry 27 with //localhost:1099/node_1
2024-04-21 20:06:08 - Returning successor //localhost:1099/node_0
2024-04-21 20:06:08 - Found predecessor //localhost:1099/node_1 for key 745389759
2024-04-21 20:06:08 - Updated finger table entry 28 with //localhost:1099/node_1
2024-04-21 20:06:08 - Returning successor //localhost:1099/node_0
2024-04-21 20:06:08 - Found predecessor //localhost:1099/node_1 for key 476954303
2024-04-21 20:06:08 - Updated finger table entry 29 with //localhost:1099/node_1
2024-04-21 20:06:08 - Returning successor //localhost:1099/node_0
2024-04-21 20:06:08 - Found predecessor //localhost:1099/node_1 for key 2087567039
2024-04-21 20:06:08 - Updated finger table entry 30 with //localhost:1099/node_1
2024-04-21 20:06:08 - Updated finger tables of other nodes
2024-04-21 20:06:08 - Joined the Chord Ring
2024-04-21 20:06:08 - Returning successor //localhost:1099/node_0
2024-04-21 20:06:08 - Returning successor //localhost:1099/node_0
2024-04-21 20:06:08 - Updated finger table entry 0 with //localhost:1099/node_2
2024-04-21 20:06:08 - Returning successor //localhost:1099/node_2
2024-04-21 20:06:08 - Updated finger table entry 1 with //localhost:1099/node_2
2024-04-21 20:06:08 - Returning successor //localhost:1099/node_2
2024-04-21 20:06:08 - Updated finger table entry 2 with //localhost:1099/node_2
2024-04-21 20:06:08 - Returning successor //localhost:1099/node_2
2024-04-21 20:06:08 - Updated finger table entry 3 with //localhost:1099/node_2
2024-04-21 20:06:08 - Returning successor //localhost:1099/node_2
2024-04-21 20:06:08 - Updated finger table entry 4 with //localhost:1099/node_2
2024-04-21 20:06:08 - Returning successor //localhost:1099/node_2
2024-04-21 20:06:08 - Updated finger table entry 5 with //localhost:1099/node_2
2024-04-21 20:06:08 - Returning successor //localhost:1099/node_2
2024-04-21 20:06:08 - Updated finger table entry 6 with //localhost:1099/node_2
2024-04-21 20:06:08 - Returning successor //localhost:1099/node_2
2024-04-21 20:06:08 - Updated finger table entry 7 with //localhost:1099/node_2
2024-04-21 20:06:08 - Returning successor //localhost:1099/node_2
2024-04-21 20:06:08 - Updated finger table entry 8 with //localhost:1099/node_2
2024-04-21 20:06:08 - Returning successor //localhost:1099/node_2
2024-04-21 20:06:08 - Updated finger table entry 9 with //localhost:1099/node_2
2024-04-21 20:06:08 - Returning successor //localhost:1099/node_2
2024-04-21 20:06:08 - Updated finger table entry 10 with //localhost:1099/node_2
2024-04-21 20:06:08 - Returning successor //localhost:1099/node_2
2024-04-21 20:06:08 - Updated finger table entry 11 with //localhost:1099/node_2
2024-04-21 20:06:08 - Returning successor //localhost:1099/node_2
2024-04-21 20:06:08 - Updated finger table entry 12 with //localhost:1099/node_2
2024-04-21 20:06:08 - Returning successor //localhost:1099/node_2
2024-04-21 20:06:08 - Updated finger table entry 13 with //localhost:1099/node_2
2024-04-21 20:06:08 - Returning successor //localhost:1099/node_2
2024-04-21 20:06:08 - Updated finger table entry 14 with //localhost:1099/node_2
2024-04-21 20:06:08 - Returning successor //localhost:1099/node_2
2024-04-21 20:06:08 - Updated finger table entry 15 with //localhost:1099/node_2
2024-04-21 20:06:08 - Returning successor //localhost:1099/node_2
2024-04-21 20:06:08 - Updated finger table entry 16 with //localhost:1099/node_2
2024-04-21 20:06:08 - Returning successor //localhost:1099/node_2
2024-04-21 20:06:08 - Updated finger table entry 17 with //localhost:1099/node_2
2024-04-21 20:06:08 - Returning successor //localhost:1099/node_2
2024-04-21 20:06:08 - Updated finger table entry 18 with //localhost:1099/node_2
2024-04-21 20:06:08 - Returning successor //localhost:1099/node_2
2024-04-21 20:06:08 - Updated finger table entry 19 with //localhost:1099/node_2
2024-04-21 20:06:08 - Returning successor //localhost:1099/node_2
2024-04-21 20:06:08 - Updated finger table entry 20 with //localhost:1099/node_2
2024-04-21 20:06:08 - Returning successor //localhost:1099/node_2
2024-04-21 20:06:08 - Updated finger table entry 21 with //localhost:1099/node_2
2024-04-21 20:06:08 - Returning successor //localhost:1099/node_2
2024-04-21 20:06:08 - Updated finger table entry 22 with //localhost:1099/node_2
2024-04-21 20:06:08 - Returning successor //localhost:1099/node_2
2024-04-21 20:06:08 - Updated finger table entry 23 with //localhost:1099/node_2
2024-04-21 20:06:08 - Returning successor //localhost:1099/node_2
2024-04-21 20:06:08 - Updated finger table entry 24 with //localhost:1099/node_2
2024-04-21 20:06:08 - Updated finger table entry 0 with //localhost:1099/node_2
2024-04-21 20:06:08 - Updated finger table entry 1 with //localhost:1099/node_2
2024-04-21 20:06:08 - Updated finger table entry 2 with //localhost:1099/node_2
2024-04-21 20:06:08 - Updated finger table entry 3 with //localhost:1099/node_2
2024-04-21 20:06:08 - Updated finger table entry 4 with //localhost:1099/node_2
2024-04-21 20:06:08 - Updated finger table entry 5 with //localhost:1099/node_2
2024-04-21 20:06:08 - Updated finger table entry 6 with //localhost:1099/node_2
2024-04-21 20:06:08 - Updated finger table entry 7 with //localhost:1099/node_2
2024-04-21 20:06:08 - Updated finger table entry 8 with //localhost:1099/node_2
2024-04-21 20:06:08 - Updated finger table entry 9 with //localhost:1099/node_2
2024-04-21 20:06:08 - Updated finger table entry 10 with //localhost:1099/node_2
2024-04-21 20:06:08 - Updated finger table entry 11 with //localhost:1099/node_2
2024-04-21 20:06:08 - Updated finger table entry 12 with //localhost:1099/node_2
2024-04-21 20:06:08 - Updated finger table entry 13 with //localhost:1099/node_2
2024-04-21 20:06:08 - Updated finger table entry 14 with //localhost:1099/node_2
2024-04-21 20:06:08 - Updated finger table entry 15 with //localhost:1099/node_2
2024-04-21 20:06:08 - Updated finger table entry 16 with //localhost:1099/node_2
2024-04-21 20:06:08 - Updated finger table entry 17 with //localhost:1099/node_2
2024-04-21 20:06:08 - Updated finger table entry 18 with //localhost:1099/node_2
2024-04-21 20:06:08 - Updated finger table entry 19 with //localhost:1099/node_2
2024-04-21 20:06:08 - Updated finger table entry 20 with //localhost:1099/node_2
2024-04-21 20:06:08 - Updated finger table entry 21 with //localhost:1099/node_2
2024-04-21 20:06:08 - Updated finger table entry 22 with //localhost:1099/node_2
2024-04-21 20:06:08 - Updated finger table entry 23 with //localhost:1099/node_2
2024-04-21 20:06:08 - Updated finger table entry 24 with //localhost:1099/node_2
2024-04-21 20:06:08 - Returning successor //localhost:1099/node_2
2024-04-21 20:06:08 - Updated finger table entry 25 with //localhost:1099/node_3
2024-04-21 20:06:09 - Updated finger table entry 25 with //localhost:1099/node_2
2024-04-21 20:06:09 - Returning successor //localhost:1099/node_2
2024-04-21 20:06:09 - Updated finger table entry 26 with //localhost:1099/node_5
2024-04-21 20:06:09 - Updated finger table entry 26 with //localhost:1099/node_2
2024-04-21 20:06:10 - Returning predecessor //localhost:1099/node_0
2024-04-21 20:06:10 - Printed finger table
2024-04-21 21:05:47 - Node shutdown completed
